number,value,datetime_start,datetime_complete,duration,params_activation,params_add_log_features,params_batch_norm,params_batch_size,params_dropout,params_encoding,params_feature_engineering,params_layers,params_learning_rate,params_loss,params_min_frequency,params_momentum,params_optimizer,params_scaler,params_scheduler,params_target_transform,params_weight_decay,params_width_0,params_width_1,params_width_2,params_width_3,params_winsorize,user_attrs_candidate,user_attrs_median_best_epoch,user_attrs_std_rmse,state
22,36568.55825604709,2026-08-17 17:10:25.045624,2026-08-17 17:10:45.481454,0 days 00:00:20.435830,gelu,True,True,16,0.2420744709483935,onehot,True,4,0.0002363439637281706,mse,2.0,0.557095089667277,adamw,standard,none,log1p,3.0782258881551213e-07,128,32.0,128.0,512.0,False,"{'name': 'T022', 'preprocess': {'numeric_only': False, 'scaler': 'standard', 'encoding': 'onehot', 'feature_engineering': True, 'add_log_features': True, 'winsorize': False, 'min_frequency': 2, 'target_transform': 'log1p'}, 'model': {'hidden_layers': [128, 32, 128, 512], 'activation': 'gelu', 'dropout': 0.2420744709483935, 'batch_norm': True, 'optimizer': 'adamw', 'learning_rate': 0.0002363439637281706, 'weight_decay': 3.0782258881551213e-07, 'momentum': 0.557095089667277, 'batch_size': 16, 'max_epochs': 200, 'patience': 22, 'min_delta': 1e-05, 'loss': 'mse', 'scheduler': 'none', 'gradient_clip': 5.0}}",37.0,17204.93070964668,COMPLETE
23,32952.71000599865,2026-08-17 17:10:45.493877,2026-08-17 17:10:52.606188,0 days 00:00:07.112311,silu,True,True,64,0.28583996206291445,ordinal,True,4,9.4443821861656e-05,smooth_l1,5.0,0.6189246314890882,rmsprop,standard,plateau,log1p,1.1743714879688594e-07,64,32.0,128.0,64.0,True,"{'name': 'T023', 'preprocess': {'numeric_only': False, 'scaler': 'standard', 'encoding': 'ordinal', 'feature_engineering': True, 'add_log_features': True, 'winsorize': True, 'min_frequency': 5, 'target_transform': 'log1p'}, 'model': {'hidden_layers': [64, 32, 128, 64], 'activation': 'silu', 'dropout': 0.28583996206291445, 'batch_norm': True, 'optimizer': 'rmsprop', 'learning_rate': 9.4443821861656e-05, 'weight_decay': 1.1743714879688594e-07, 'momentum': 0.6189246314890882, 'batch_size': 64, 'max_epochs': 200, 'patience': 22, 'min_delta': 1e-05, 'loss': 'smooth_l1', 'scheduler': 'plateau', 'gradient_clip': 5.0}}",57.0,6655.116624670196,COMPLETE
24,33828.273498743474,2026-08-17 17:10:52.623073,2026-08-17 17:11:02.031819,0 days 00:00:09.408746,leaky_relu,True,True,32,0.06796281433836743,ordinal,True,4,0.0005707728800119238,smooth_l1,,0.587220163466001,rmsprop,robust,plateau,log1p,2.126035836445371e-06,64,128.0,512.0,32.0,False,"{'name': 'T024', 'preprocess': {'numeric_only': False, 'scaler': 'robust', 'encoding': 'ordinal', 'feature_engineering': True, 'add_log_features': True, 'winsorize': False, 'min_frequency': None, 'target_transform': 'log1p'}, 'model': {'hidden_layers': [64, 128, 512, 32], 'activation': 'leaky_relu', 'dropout': 0.06796281433836743, 'batch_norm': True, 'optimizer': 'rmsprop', 'learning_rate': 0.0005707728800119238, 'weight_decay': 2.126035836445371e-06, 'momentum': 0.587220163466001, 'batch_size': 32, 'max_epochs': 200, 'patience': 22, 'min_delta': 1e-05, 'loss': 'smooth_l1', 'scheduler': 'plateau', 'gradient_clip': 5.0}}",,,PRUNED
25,30493.56068549184,2026-08-17 17:11:02.048609,2026-08-17 17:11:19.363876,0 days 00:00:17.315267,tanh,False,True,16,0.2136510508473057,ordinal,True,4,0.0008628473594837646,mse,5.0,0.5552106358798315,adam,standard,none,log1p,2.720740087618007e-07,128,64.0,128.0,256.0,False,"{'name': 'T025', 'preprocess': {'numeric_only': False, 'scaler': 'standard', 'encoding': 'ordinal', 'feature_engineering': True, 'add_log_features': False, 'winsorize': False, 'min_frequency': 5, 'target_transform': 'log1p'}, 'model': {'hidden_layers': [128, 64, 128, 256], 'activation': 'tanh', 'dropout': 0.2136510508473057, 'batch_norm': True, 'optimizer': 'adam', 'learning_rate': 0.0008628473594837646, 'weight_decay': 2.720740087618007e-07, 'momentum': 0.5552106358798315, 'batch_size': 16, 'max_epochs': 200, 'patience': 22, 'min_delta': 1e-05, 'loss': 'mse', 'scheduler': 'none', 'gradient_clip': 5.0}}",40.0,5983.503304036627,COMPLETE
26,32033.743296148168,2026-08-17 17:11:19.372284,2026-08-17 17:11:25.513780,0 days 00:00:06.141496,tanh,True,True,256,0.10151326307275896,onehot,True,3,0.0005061348843575762,smooth_l1,2.0,0.5200903300112154,adam,standard,none,standard,1.0164462327613038e-07,128,512.0,128.0,,False,"{'name': 'T026', 'preprocess': {'numeric_only': False, 'scaler': 'standard', 'encoding': 'onehot', 'feature_engineering': True, 'add_log_features': True, 'winsorize': False, 'min_frequency': 2, 'target_transform': 'standard'}, 'model': {'hidden_layers': [128, 512, 128], 'activation': 'tanh', 'dropout': 0.10151326307275896, 'batch_norm': True, 'optimizer': 'adam', 'learning_rate': 0.0005061348843575762, 'weight_decay': 1.0164462327613038e-07, 'momentum': 0.5200903300112154, 'batch_size': 256, 'max_epochs': 200, 'patience': 22, 'min_delta': 1e-05, 'loss': 'smooth_l1', 'scheduler': 'none', 'gradient_clip': 5.0}}",53.0,6804.304000618394,COMPLETE
27,37715.58843497868,2026-08-17 17:11:25.530495,2026-08-17 17:11:33.088695,0 days 00:00:07.558200,leaky_relu,True,False,16,0.34887512292702794,onehot,True,4,0.004802614338516331,smooth_l1,2.0,0.6510544193466795,adam,standard,none,log1p,8.179807467624121e-07,256,32.0,512.0,128.0,False,"{'name': 'T027', 'preprocess': {'numeric_only': False, 'scaler': 'standard', 'encoding': 'onehot', 'feature_engineering': True, 'add_log_features': True, 'winsorize': False, 'min_frequency': 2, 'target_transform': 'log1p'}, 'model': {'hidden_layers': [256, 32, 512, 128], 'activation': 'leaky_relu', 'dropout': 0.34887512292702794, 'batch_norm': False, 'optimizer': 'adam', 'learning_rate': 0.004802614338516331, 'weight_decay': 8.179807467624121e-07, 'momentum': 0.6510544193466795, 'batch_size': 16, 'max_epochs': 200, 'patience': 22, 'min_delta': 1e-05, 'loss': 'smooth_l1', 'scheduler': 'none', 'gradient_clip': 5.0}}",10.0,24938.833692893386,COMPLETE
28,34641.73484817031,2026-08-17 17:11:33.097513,2026-08-17 17:11:57.022702,0 days 00:00:23.925189,tanh,True,True,16,0.20920371313363753,onehot,True,3,0.00019703329423170573,smooth_l1,2.0,0.5001037038877547,sgd,standard,plateau,log1p,1.4001959973575352e-07,128,256.0,128.0,,False,"{'name': 'T028', 'preprocess': {'numeric_only': False, 'scaler': 'standard', 'encoding': 'onehot', 'feature_engineering': True, 'add_log_features': True, 'winsorize': False, 'min_frequency': 2, 'target_transform': 'log1p'}, 'model': {'hidden_layers': [128, 256, 128], 'activation': 'tanh', 'dropout': 0.20920371313363753, 'batch_norm': True, 'optimizer': 'sgd', 'learning_rate': 0.00019703329423170573, 'weight_decay': 1.4001959973575352e-07, 'momentum': 0.5001037038877547, 'batch_size': 16, 'max_epochs': 200, 'patience': 22, 'min_delta': 1e-05, 'loss': 'smooth_l1', 'scheduler': 'plateau', 'gradient_clip': 5.0}}",,,PRUNED
29,32723.26393621785,2026-08-17 17:11:57.037644,2026-08-17 17:12:07.696750,0 days 00:00:10.659106,leaky_relu,True,True,16,0.25043155543819956,ordinal,True,4,0.0024859384757973005,smooth_l1,5.0,0.5781480903905868,adamw,standard,plateau,log1p,5.559487209623863e-07,64,32.0,32.0,512.0,False,"{'name': 'T029', 'preprocess': {'numeric_only': False, 'scaler': 'standard', 'encoding': 'ordinal', 'feature_engineering': True, 'add_log_features': True, 'winsorize': False, 'min_frequency': 5, 'target_transform': 'log1p'}, 'model': {'hidden_layers': [64, 32, 32, 512], 'activation': 'leaky_relu', 'dropout': 0.25043155543819956, 'batch_norm': True, 'optimizer': 'adamw', 'learning_rate': 0.0024859384757973005, 'weight_decay': 5.559487209623863e-07, 'momentum': 0.5781480903905868, 'batch_size': 16, 'max_epochs': 200, 'patience': 22, 'min_delta': 1e-05, 'loss': 'smooth_l1', 'scheduler': 'plateau', 'gradient_clip': 5.0}}",18.0,16971.296385463906,COMPLETE
30,31919.21268407449,2026-08-17 17:12:07.713394,2026-08-17 17:12:13.920180,0 days 00:00:06.206786,tanh,True,True,32,0.3034834953457402,ordinal,False,4,0.0004424509980032444,smooth_l1,5.0,0.5988955181869416,adam,standard,plateau,log1p,1.9191235225345024e-07,128,32.0,256.0,128.0,True,"{'name': 'T030', 'preprocess': {'numeric_only': False, 'scaler': 'standard', 'encoding': 'ordinal', 'feature_engineering': False, 'add_log_features': True, 'winsorize': True, 'min_frequency': 5, 'target_transform': 'log1p'}, 'model': {'hidden_layers': [128, 32, 256, 128], 'activation': 'tanh', 'dropout': 0.3034834953457402, 'batch_norm': True, 'optimizer': 'adam', 'learning_rate': 0.0004424509980032444, 'weight_decay': 1.9191235225345024e-07, 'momentum': 0.5988955181869416, 'batch_size': 32, 'max_epochs': 200, 'patience': 22, 'min_delta': 1e-05, 'loss': 'smooth_l1', 'scheduler': 'plateau', 'gradient_clip': 5.0}}",,,PRUNED
31,35331.46466404589,2026-08-17 17:12:13.929887,2026-08-17 17:12:22.963156,0 days 00:00:09.033269,silu,False,True,16,0.1711778270889039,onehot,True,2,0.00011023757347882634,smooth_l1,2.0,0.5704475447345296,adam,standard,none,log1p,5.675931986881015e-07,256,64.0,,,False,"{'name': 'T031', 'preprocess': {'numeric_only': False, 'scaler': 'standard', 'encoding': 'onehot', 'feature_engineering': True, 'add_log_features': False, 'winsorize': False, 'min_frequency': 2, 'target_transform': 'log1p'}, 'model': {'hidden_layers': [256, 64], 'activation': 'silu', 'dropout': 0.1711778270889039, 'batch_norm': True, 'optimizer': 'adam', 'learning_rate': 0.00011023757347882634, 'weight_decay': 5.675931986881015e-07, 'momentum': 0.5704475447345296, 'batch_size': 16, 'max_epochs': 200, 'patience': 22, 'min_delta': 1e-05, 'loss': 'smooth_l1', 'scheduler': 'none', 'gradient_clip': 5.0}}",19.0,17772.54710339485,COMPLETE
32,30096.042296128686,2026-08-17 17:12:22.981512,2026-08-17 17:12:27.938135,0 days 00:00:04.956623,leaky_relu,False,False,32,0.3305675145977673,ordinal,True,4,0.0030666926286396275,mse,5.0,0.5337884460762512,rmsprop,standard,none,standard,9.793202705816045e-06,64,64.0,256.0,512.0,True,"{'name': 'T032', 'preprocess': {'numeric_only': False, 'scaler': 'standard', 'encoding': 'ordinal', 'feature_engineering': True, 'add_log_features': False, 'winsorize': True, 'min_frequency': 5, 'target_transform': 'standard'}, 'model': {'hidden_layers': [64, 64, 256, 512], 'activation': 'leaky_relu', 'dropout': 0.3305675145977673, 'batch_norm': False, 'optimizer': 'rmsprop', 'learning_rate': 0.0030666926286396275, 'weight_decay': 9.793202705816045e-06, 'momentum': 0.5337884460762512, 'batch_size': 32, 'max_epochs': 200, 'patience': 22, 'min_delta': 1e-05, 'loss': 'mse', 'scheduler': 'none', 'gradient_clip': 5.0}}",13.0,6690.30147018832,COMPLETE
33,28459.098238377166,2026-08-17 17:12:27.952222,2026-08-17 17:12:36.313561,0 days 00:00:08.361339,leaky_relu,False,False,32,0.3894722784262846,ordinal,True,4,0.0017966738682271253,mse,2.0,0.5460468211589902,rmsprop,robust,none,log1p,3.0982911013848535e-06,64,64.0,256.0,512.0,True,"{'name': 'T033', 'preprocess': {'numeric_only': False, 'scaler': 'robust', 'encoding': 'ordinal', 'feature_engineering': True, 'add_log_features': False, 'winsorize': True, 'min_frequency': 2, 'target_transform': 'log1p'}, 'model': {'hidden_layers': [64, 64, 256, 512], 'activation': 'leaky_relu', 'dropout': 0.3894722784262846, 'batch_norm': False, 'optimizer': 'rmsprop', 'learning_rate': 0.0017966738682271253, 'weight_decay': 3.0982911013848535e-06, 'momentum': 0.5460468211589902, 'batch_size': 32, 'max_epochs': 200, 'patience': 22, 'min_delta': 1e-05, 'loss': 'mse', 'scheduler': 'none', 'gradient_clip': 5.0}}",,,PRUNED
34,30498.052690247063,2026-08-17 17:12:36.321394,2026-08-17 17:12:45.146654,0 days 00:00:08.825260,leaky_relu,False,False,32,0.2729724025951582,ordinal,True,4,0.00028355563156649697,mse,5.0,0.5049065502398464,adam,standard,none,standard,4.48401829678593e-07,512,512.0,256.0,512.0,True,"{'name': 'T034', 'preprocess': {'numeric_only': False, 'scaler': 'standard', 'encoding': 'ordinal', 'feature_engineering': True, 'add_log_features': False, 'winsorize': True, 'min_frequency': 5, 'target_transform': 'standard'}, 'model': {'hidden_layers': [512, 512, 256, 512], 'activation': 'leaky_relu', 'dropout': 0.2729724025951582, 'batch_norm': False, 'optimizer': 'adam', 'learning_rate': 0.00028355563156649697, 'weight_decay': 4.48401829678593e-07, 'momentum': 0.5049065502398464, 'batch_size': 32, 'max_epochs': 200, 'patience': 22, 'min_delta': 1e-05, 'loss': 'mse', 'scheduler': 'none', 'gradient_clip': 5.0}}",13.0,9457.119946197268,COMPLETE
35,30064.814002420095,2026-08-17 17:12:45.154581,2026-08-17 17:12:59.735845,0 days 00:00:14.581264,tanh,True,True,16,0.2810765219822418,onehot,True,2,0.0005544441436197135,smooth_l1,2.0,0.5726469816850812,adam,standard,none,log1p,8.755444498560215e-07,32,64.0,,,False,"{'name': 'T035', 'preprocess': {'numeric_only': False, 'scaler': 'standard', 'encoding': 'onehot', 'feature_engineering': True, 'add_log_features': True, 'winsorize': False, 'min_frequency': 2, 'target_transform': 'log1p'}, 'model': {'hidden_layers': [32, 64], 'activation': 'tanh', 'dropout': 0.2810765219822418, 'batch_norm': True, 'optimizer': 'adam', 'learning_rate': 0.0005544441436197135, 'weight_decay': 8.755444498560215e-07, 'momentum': 0.5726469816850812, 'batch_size': 16, 'max_epochs': 200, 'patience': 22, 'min_delta': 1e-05, 'loss': 'smooth_l1', 'scheduler': 'none', 'gradient_clip': 5.0}}",59.0,5306.512156726117,COMPLETE
36,30669.14670425724,2026-08-17 17:12:59.746931,2026-08-17 17:13:14.629061,0 days 00:00:14.882130,tanh,True,True,32,0.2865779280994453,ordinal,True,3,5.429963935380624e-05,smooth_l1,2.0,0.5204883918938557,adam,standard,none,log1p,1.0525591436534936e-05,32,256.0,64.0,,False,"{'name': 'T036', 'preprocess': {'numeric_only': False, 'scaler': 'standard', 'encoding': 'ordinal', 'feature_engineering': True, 'add_log_features': True, 'winsorize': False, 'min_frequency': 2, 'target_transform': 'log1p'}, 'model': {'hidden_layers': [32, 256, 64], 'activation': 'tanh', 'dropout': 0.2865779280994453, 'batch_norm': True, 'optimizer': 'adam', 'learning_rate': 5.429963935380624e-05, 'weight_decay': 1.0525591436534936e-05, 'momentum': 0.5204883918938557, 'batch_size': 32, 'max_epochs': 200, 'patience': 22, 'min_delta': 1e-05, 'loss': 'smooth_l1', 'scheduler': 'none', 'gradient_clip': 5.0}}",,,PRUNED
37,28701.513170185237,2026-08-17 17:13:14.770054,2026-08-17 17:13:27.237366,0 days 00:00:12.467312,tanh,True,True,16,0.21450218934587928,onehot,False,2,0.00022781806179817478,smooth_l1,5.0,0.605733238655516,adam,standard,none,log1p,1.5913814820321942e-07,64,32.0,,,False,"{'name': 'T037', 'preprocess': {'numeric_only': False, 'scaler': 'standard', 'encoding': 'onehot', 'feature_engineering': False, 'add_log_features': True, 'winsorize': False, 'min_frequency': 5, 'target_transform': 'log1p'}, 'model': {'hidden_layers': [64, 32], 'activation': 'tanh', 'dropout': 0.21450218934587928, 'batch_norm': True, 'optimizer': 'adam', 'learning_rate': 0.00022781806179817478, 'weight_decay': 1.5913814820321942e-07, 'momentum': 0.605733238655516, 'batch_size': 16, 'max_epochs': 200, 'patience': 22, 'min_delta': 1e-05, 'loss': 'smooth_l1', 'scheduler': 'none', 'gradient_clip': 5.0}}",,,PRUNED
38,31343.359697421605,2026-08-17 17:13:27.253919,2026-08-17 17:13:33.737323,0 days 00:00:06.483404,tanh,True,True,16,0.29744497692768973,onehot,True,2,0.0011733322759316521,mse,2.0,0.6114349928942906,adam,robust,none,log1p,2.0298395140063033e-07,32,64.0,,,False,"{'name': 'T038', 'preprocess': {'numeric_only': False, 'scaler': 'robust', 'encoding': 'onehot', 'feature_engineering': True, 'add_log_features': True, 'winsorize': False, 'min_frequency': 2, 'target_transform': 'log1p'}, 'model': {'hidden_layers': [32, 64], 'activation': 'tanh', 'dropout': 0.29744497692768973, 'batch_norm': True, 'optimizer': 'adam', 'learning_rate': 0.0011733322759316521, 'weight_decay': 2.0298395140063033e-07, 'momentum': 0.6114349928942906, 'batch_size': 16, 'max_epochs': 200, 'patience': 22, 'min_delta': 1e-05, 'loss': 'mse', 'scheduler': 'none', 'gradient_clip': 5.0}}",,,PRUNED
39,41449.67258877232,2026-08-17 17:13:33.737323,2026-08-17 17:13:42.300994,0 days 00:00:08.563671,tanh,True,False,256,0.30296426329262083,onehot,True,3,7.192989083964297e-05,smooth_l1,2.0,0.5316251157182352,adam,robust,none,log1p,2.2659408407174565e-06,128,512.0,512.0,,False,"{'name': 'T039', 'preprocess': {'numeric_only': False, 'scaler': 'robust', 'encoding': 'onehot', 'feature_engineering': True, 'add_log_features': True, 'winsorize': False, 'min_frequency': 2, 'target_transform': 'log1p'}, 'model': {'hidden_layers': [128, 512, 512], 'activation': 'tanh', 'dropout': 0.30296426329262083, 'batch_norm': False, 'optimizer': 'adam', 'learning_rate': 7.192989083964297e-05, 'weight_decay': 2.2659408407174565e-06, 'momentum': 0.5316251157182352, 'batch_size': 256, 'max_epochs': 200, 'patience': 22, 'min_delta': 1e-05, 'loss': 'smooth_l1', 'scheduler': 'none', 'gradient_clip': 5.0}}",,,PRUNED
40,28383.849973114546,2026-08-17 17:13:42.312208,2026-08-17 17:13:45.245314,0 days 00:00:02.933106,tanh,False,False,256,0.2321149189568348,ordinal,True,3,0.0042378154332327915,smooth_l1,2.0,0.5398263943427657,adam,standard,none,log1p,1.546967143010798e-07,256,128.0,64.0,,False,"{'name': 'T040', 'preprocess': {'numeric_only': False, 'scaler': 'standard', 'encoding': 'ordinal', 'feature_engineering': True, 'add_log_features': False, 'winsorize': False, 'min_frequency': 2, 'target_transform': 'log1p'}, 'model': {'hidden_layers': [256, 128, 64], 'activation': 'tanh', 'dropout': 0.2321149189568348, 'batch_norm': False, 'optimizer': 'adam', 'learning_rate': 0.0042378154332327915, 'weight_decay': 1.546967143010798e-07, 'momentum': 0.5398263943427657, 'batch_size': 256, 'max_epochs': 200, 'patience': 22, 'min_delta': 1e-05, 'loss': 'smooth_l1', 'scheduler': 'none', 'gradient_clip': 5.0}}",35.0,5726.8627490843755,COMPLETE
41,33104.869414907625,2026-08-17 17:13:45.253803,2026-08-17 17:13:54.612562,0 days 00:00:09.358759,relu,True,True,16,0.22694418633540173,onehot,True,3,0.0067287111437770225,smooth_l1,2.0,0.5374816525249292,adam,standard,none,log1p,5.182244204941811e-07,128,128.0,64.0,,False,"{'name': 'T041', 'preprocess': {'numeric_only': False, 'scaler': 'standard', 'encoding': 'onehot', 'feature_engineering': True, 'add_log_features': True, 'winsorize': False, 'min_frequency': 2, 'target_transform': 'log1p'}, 'model': {'hidden_layers': [128, 128, 64], 'activation': 'relu', 'dropout': 0.22694418633540173, 'batch_norm': True, 'optimizer': 'adam', 'learning_rate': 0.0067287111437770225, 'weight_decay': 5.182244204941811e-07, 'momentum': 0.5374816525249292, 'batch_size': 16, 'max_epochs': 200, 'patience': 22, 'min_delta': 1e-05, 'loss': 'smooth_l1', 'scheduler': 'none', 'gradient_clip': 5.0}}",25.0,17312.312155402153,COMPLETE
42,32097.07617894367,2026-08-17 17:13:54.622397,2026-08-17 17:13:58.252057,0 days 00:00:03.629660,gelu,False,False,256,0.17469754482566902,ordinal,False,3,0.0002460686854698089,smooth_l1,2.0,0.5070043164521133,adam,standard,none,log1p,1.3772185403253268e-06,256,128.0,64.0,,False,"{'name': 'T042', 'preprocess': {'numeric_only': False, 'scaler': 'standard', 'encoding': 'ordinal', 'feature_engineering': False, 'add_log_features': False, 'winsorize': False, 'min_frequency': 2, 'target_transform': 'log1p'}, 'model': {'hidden_layers': [256, 128, 64], 'activation': 'gelu', 'dropout': 0.17469754482566902, 'batch_norm': False, 'optimizer': 'adam', 'learning_rate': 0.0002460686854698089, 'weight_decay': 1.3772185403253268e-06, 'momentum': 0.5070043164521133, 'batch_size': 256, 'max_epochs': 200, 'patience': 22, 'min_delta': 1e-05, 'loss': 'smooth_l1', 'scheduler': 'none', 'gradient_clip': 5.0}}",34.0,13580.23832769832,COMPLETE
43,27996.688544362096,2026-08-17 17:13:58.263168,2026-08-17 17:14:05.761742,0 days 00:00:07.498574,tanh,False,False,32,0.2111410442927499,ordinal,True,3,0.008992529347637042,smooth_l1,2.0,0.5678298689253477,adamw,standard,plateau,log1p,3.4295343446320304e-07,256,128.0,64.0,,False,"{'name': 'T043', 'preprocess': {'numeric_only': False, 'scaler': 'standard', 'encoding': 'ordinal', 'feature_engineering': True, 'add_log_features': False, 'winsorize': False, 'min_frequency': 2, 'target_transform': 'log1p'}, 'model': {'hidden_layers': [256, 128, 64], 'activation': 'tanh', 'dropout': 0.2111410442927499, 'batch_norm': False, 'optimizer': 'adamw', 'learning_rate': 0.008992529347637042, 'weight_decay': 3.4295343446320304e-07, 'momentum': 0.5678298689253477, 'batch_size': 32, 'max_epochs': 200, 'patience': 22, 'min_delta': 1e-05, 'loss': 'smooth_l1', 'scheduler': 'plateau', 'gradient_clip': 5.0}}",51.0,5030.636280930527,COMPLETE
44,36934.838509290574,2026-08-17 17:14:05.776722,2026-08-17 17:14:09.552026,0 days 00:00:03.775304,leaky_relu,False,False,32,0.2830952498847563,ordinal,True,4,0.002728223100269421,smooth_l1,2.0,0.6246053851755998,adamw,standard,plateau,log1p,2.738835999158826e-07,256,128.0,64.0,32.0,False,"{'name': 'T044', 'preprocess': {'numeric_only': False, 'scaler': 'standard', 'encoding': 'ordinal', 'feature_engineering': True, 'add_log_features': False, 'winsorize': False, 'min_frequency': 2, 'target_transform': 'log1p'}, 'model': {'hidden_layers': [256, 128, 64, 32], 'activation': 'leaky_relu', 'dropout': 0.2830952498847563, 'batch_norm': False, 'optimizer': 'adamw', 'learning_rate': 0.002728223100269421, 'weight_decay': 2.738835999158826e-07, 'momentum': 0.6246053851755998, 'batch_size': 32, 'max_epochs': 200, 'patience': 22, 'min_delta': 1e-05, 'loss': 'smooth_l1', 'scheduler': 'plateau', 'gradient_clip': 5.0}}",5.0,23792.153503109977,COMPLETE
