number,value,datetime_start,datetime_complete,duration,params_activation,params_add_log_features,params_batch_norm,params_batch_size,params_dropout,params_encoding,params_feature_engineering,params_layers,params_learning_rate,params_loss,params_min_frequency,params_momentum,params_optimizer,params_scaler,params_scheduler,params_target_transform,params_weight_decay,params_width_0,params_width_1,params_width_2,params_width_3,params_winsorize,user_attrs_candidate,user_attrs_median_best_epoch,user_attrs_std_rmse,state
160,26850.735139597364,2026-08-17 17:32:51.387248,2026-08-17 17:32:56.495443,0 days 00:00:05.108195,tanh,False,False,32,0.09789349082418153,onehot,True,2,0.014792295604980093,smooth_l1,5.0,0.8740201091324487,adamw,standard,cosine,standard,3.396916980581697e-06,512,64.0,,,False,"{'name': 'T160', 'preprocess': {'numeric_only': False, 'scaler': 'standard', 'encoding': 'onehot', 'feature_engineering': True, 'add_log_features': False, 'winsorize': False, 'min_frequency': 5, 'target_transform': 'standard'}, 'model': {'hidden_layers': [512, 64], 'activation': 'tanh', 'dropout': 0.09789349082418153, 'batch_norm': False, 'optimizer': 'adamw', 'learning_rate': 0.014792295604980093, 'weight_decay': 3.396916980581697e-06, 'momentum': 0.8740201091324487, 'batch_size': 32, 'max_epochs': 200, 'patience': 22, 'min_delta': 1e-05, 'loss': 'smooth_l1', 'scheduler': 'cosine', 'gradient_clip': 5.0}}",15.0,4993.397228838292,COMPLETE
161,50355.648790720385,2026-08-17 17:32:56.503795,2026-08-17 17:32:58.387082,0 days 00:00:01.883287,leaky_relu,False,False,32,0.02721087097638293,onehot,False,1,0.00243392541815424,smooth_l1,5.0,0.7983309047762611,adamw,standard,cosine,log1p,3.6062363566193874e-07,128,,,,False,"{'name': 'T161', 'preprocess': {'numeric_only': False, 'scaler': 'standard', 'encoding': 'onehot', 'feature_engineering': False, 'add_log_features': False, 'winsorize': False, 'min_frequency': 5, 'target_transform': 'log1p'}, 'model': {'hidden_layers': [128], 'activation': 'leaky_relu', 'dropout': 0.02721087097638293, 'batch_norm': False, 'optimizer': 'adamw', 'learning_rate': 0.00243392541815424, 'weight_decay': 3.6062363566193874e-07, 'momentum': 0.7983309047762611, 'batch_size': 32, 'max_epochs': 200, 'patience': 22, 'min_delta': 1e-05, 'loss': 'smooth_l1', 'scheduler': 'cosine', 'gradient_clip': 5.0}}",3.0,49897.98576647334,COMPLETE
162,23973.961487149438,2026-08-17 17:32:58.395424,2026-08-17 17:33:00.528729,0 days 00:00:02.133305,tanh,False,False,32,0.04107850123751122,ordinal,True,1,0.02817348068264326,smooth_l1,5.0,0.84830677644588,sgd,standard,cosine,standard,2.305283221352169e-07,128,,,,False,"{'name': 'T162', 'preprocess': {'numeric_only': False, 'scaler': 'standard', 'encoding': 'ordinal', 'feature_engineering': True, 'add_log_features': False, 'winsorize': False, 'min_frequency': 5, 'target_transform': 'standard'}, 'model': {'hidden_layers': [128], 'activation': 'tanh', 'dropout': 0.04107850123751122, 'batch_norm': False, 'optimizer': 'sgd', 'learning_rate': 0.02817348068264326, 'weight_decay': 2.305283221352169e-07, 'momentum': 0.84830677644588, 'batch_size': 32, 'max_epochs': 200, 'patience': 22, 'min_delta': 1e-05, 'loss': 'smooth_l1', 'scheduler': 'cosine', 'gradient_clip': 5.0}}",,,PRUNED
163,24265.532253198835,2026-08-17 17:33:00.538712,2026-08-17 17:33:02.553751,0 days 00:00:02.015039,tanh,False,False,32,0.19240563151986556,onehot,True,1,0.013062165741463615,smooth_l1,5.0,0.7995761016920505,adamw,standard,cosine,standard,3.357937795347716e-07,256,,,,False,"{'name': 'T163', 'preprocess': {'numeric_only': False, 'scaler': 'standard', 'encoding': 'onehot', 'feature_engineering': True, 'add_log_features': False, 'winsorize': False, 'min_frequency': 5, 'target_transform': 'standard'}, 'model': {'hidden_layers': [256], 'activation': 'tanh', 'dropout': 0.19240563151986556, 'batch_norm': False, 'optimizer': 'adamw', 'learning_rate': 0.013062165741463615, 'weight_decay': 3.357937795347716e-07, 'momentum': 0.7995761016920505, 'batch_size': 32, 'max_epochs': 200, 'patience': 22, 'min_delta': 1e-05, 'loss': 'smooth_l1', 'scheduler': 'cosine', 'gradient_clip': 5.0}}",,,PRUNED
164,34143.744423608034,2026-08-17 17:33:02.570379,2026-08-17 17:33:07.287188,0 days 00:00:04.716809,tanh,False,False,16,0.09863862885144978,ordinal,False,3,0.016210488451355802,mse,2.0,0.5242986559581441,adam,standard,cosine,log1p,2.191625911155852e-07,256,64.0,512.0,,False,"{'name': 'T164', 'preprocess': {'numeric_only': False, 'scaler': 'standard', 'encoding': 'ordinal', 'feature_engineering': False, 'add_log_features': False, 'winsorize': False, 'min_frequency': 2, 'target_transform': 'log1p'}, 'model': {'hidden_layers': [256, 64, 512], 'activation': 'tanh', 'dropout': 0.09863862885144978, 'batch_norm': False, 'optimizer': 'adam', 'learning_rate': 0.016210488451355802, 'weight_decay': 2.191625911155852e-07, 'momentum': 0.5242986559581441, 'batch_size': 16, 'max_epochs': 200, 'patience': 22, 'min_delta': 1e-05, 'loss': 'mse', 'scheduler': 'cosine', 'gradient_clip': 5.0}}",,,PRUNED
165,24537.572536721906,2026-08-17 17:33:07.303669,2026-08-17 17:33:10.020291,0 days 00:00:02.716622,tanh,False,False,64,0.10982968890853834,onehot,True,2,0.0029475195672818825,smooth_l1,2.0,0.8634411037218528,adamw,standard,cosine,standard,3.383798916477577e-05,512,64.0,,,False,"{'name': 'T165', 'preprocess': {'numeric_only': False, 'scaler': 'standard', 'encoding': 'onehot', 'feature_engineering': True, 'add_log_features': False, 'winsorize': False, 'min_frequency': 2, 'target_transform': 'standard'}, 'model': {'hidden_layers': [512, 64], 'activation': 'tanh', 'dropout': 0.10982968890853834, 'batch_norm': False, 'optimizer': 'adamw', 'learning_rate': 0.0029475195672818825, 'weight_decay': 3.383798916477577e-05, 'momentum': 0.8634411037218528, 'batch_size': 64, 'max_epochs': 200, 'patience': 22, 'min_delta': 1e-05, 'loss': 'smooth_l1', 'scheduler': 'cosine', 'gradient_clip': 5.0}}",,,PRUNED
166,27600.571439132866,2026-08-17 17:33:10.029350,2026-08-17 17:33:14.353906,0 days 00:00:04.324556,tanh,False,True,32,0.0023857050436343064,onehot,False,2,0.006927192408001756,smooth_l1,5.0,0.860550001560099,adamw,standard,cosine,standard,1.5381035382945343e-05,512,64.0,,,False,"{'name': 'T166', 'preprocess': {'numeric_only': False, 'scaler': 'standard', 'encoding': 'onehot', 'feature_engineering': False, 'add_log_features': False, 'winsorize': False, 'min_frequency': 5, 'target_transform': 'standard'}, 'model': {'hidden_layers': [512, 64], 'activation': 'tanh', 'dropout': 0.0023857050436343064, 'batch_norm': True, 'optimizer': 'adamw', 'learning_rate': 0.006927192408001756, 'weight_decay': 1.5381035382945343e-05, 'momentum': 0.860550001560099, 'batch_size': 32, 'max_epochs': 200, 'patience': 22, 'min_delta': 1e-05, 'loss': 'smooth_l1', 'scheduler': 'cosine', 'gradient_clip': 5.0}}",,,PRUNED
167,24289.325928833896,2026-08-17 17:33:14.378810,2026-08-17 17:33:22.468365,0 days 00:00:08.089555,tanh,False,False,64,0.10787226447199252,onehot,True,3,0.012202762255915808,smooth_l1,,0.7247399588930787,sgd,standard,cosine,log1p,1.9260829054157723e-06,512,64.0,64.0,,True,"{'name': 'T167', 'preprocess': {'numeric_only': False, 'scaler': 'standard', 'encoding': 'onehot', 'feature_engineering': True, 'add_log_features': False, 'winsorize': True, 'min_frequency': None, 'target_transform': 'log1p'}, 'model': {'hidden_layers': [512, 64, 64], 'activation': 'tanh', 'dropout': 0.10787226447199252, 'batch_norm': False, 'optimizer': 'sgd', 'learning_rate': 0.012202762255915808, 'weight_decay': 1.9260829054157723e-06, 'momentum': 0.7247399588930787, 'batch_size': 64, 'max_epochs': 200, 'patience': 22, 'min_delta': 1e-05, 'loss': 'smooth_l1', 'scheduler': 'cosine', 'gradient_clip': 5.0}}",,,PRUNED
168,28642.93086072141,2026-08-17 17:33:22.481042,2026-08-17 17:33:29.908013,0 days 00:00:07.426971,tanh,False,False,64,0.14321617547427734,onehot,True,2,0.003749511055483154,smooth_l1,,0.9142542090071956,adamw,robust,cosine,log1p,3.520403425678098e-07,512,64.0,,,False,"{'name': 'T168', 'preprocess': {'numeric_only': False, 'scaler': 'robust', 'encoding': 'onehot', 'feature_engineering': True, 'add_log_features': False, 'winsorize': False, 'min_frequency': None, 'target_transform': 'log1p'}, 'model': {'hidden_layers': [512, 64], 'activation': 'tanh', 'dropout': 0.14321617547427734, 'batch_norm': False, 'optimizer': 'adamw', 'learning_rate': 0.003749511055483154, 'weight_decay': 3.520403425678098e-07, 'momentum': 0.9142542090071956, 'batch_size': 64, 'max_epochs': 200, 'patience': 22, 'min_delta': 1e-05, 'loss': 'smooth_l1', 'scheduler': 'cosine', 'gradient_clip': 5.0}}",,,PRUNED
169,26303.98129536367,2026-08-17 17:33:29.931794,2026-08-17 17:33:34.992545,0 days 00:00:05.060751,tanh,False,False,32,0.0017224007782150113,onehot,True,2,0.008453540975373588,smooth_l1,5.0,0.7013795499364197,adamw,standard,cosine,standard,1.8704203108259657e-06,128,64.0,,,False,"{'name': 'T169', 'preprocess': {'numeric_only': False, 'scaler': 'standard', 'encoding': 'onehot', 'feature_engineering': True, 'add_log_features': False, 'winsorize': False, 'min_frequency': 5, 'target_transform': 'standard'}, 'model': {'hidden_layers': [128, 64], 'activation': 'tanh', 'dropout': 0.0017224007782150113, 'batch_norm': False, 'optimizer': 'adamw', 'learning_rate': 0.008453540975373588, 'weight_decay': 1.8704203108259657e-06, 'momentum': 0.7013795499364197, 'batch_size': 32, 'max_epochs': 200, 'patience': 22, 'min_delta': 1e-05, 'loss': 'smooth_l1', 'scheduler': 'cosine', 'gradient_clip': 5.0}}",29.0,6281.191994373513,COMPLETE
170,27491.183605595066,2026-08-17 17:33:35.007113,2026-08-17 17:33:41.822612,0 days 00:00:06.815499,tanh,False,False,64,0.14408314887499674,onehot,True,3,0.01860749763,smooth_l1,,0.6999687628159426,adamw,standard,none,standard,2.2018994846319508e-07,512,64.0,64.0,,False,"{'name': 'T170', 'preprocess': {'numeric_only': False, 'scaler': 'standard', 'encoding': 'onehot', 'feature_engineering': True, 'add_log_features': False, 'winsorize': False, 'min_frequency': None, 'target_transform': 'standard'}, 'model': {'hidden_layers': [512, 64, 64], 'activation': 'tanh', 'dropout': 0.14408314887499674, 'batch_norm': False, 'optimizer': 'adamw', 'learning_rate': 0.01860749763, 'weight_decay': 2.2018994846319508e-07, 'momentum': 0.6999687628159426, 'batch_size': 64, 'max_epochs': 200, 'patience': 22, 'min_delta': 1e-05, 'loss': 'smooth_l1', 'scheduler': 'none', 'gradient_clip': 5.0}}",37.0,5201.951905298353,COMPLETE
171,25110.115046061896,2026-08-17 17:33:41.833029,2026-08-17 17:33:48.604890,0 days 00:00:06.771861,tanh,False,False,64,0.011519223866763519,onehot,False,4,0.0010246916730815012,smooth_l1,,0.7935815714037167,rmsprop,standard,cosine,log1p,4.792848023650164e-07,512,64.0,128.0,128.0,False,"{'name': 'T171', 'preprocess': {'numeric_only': False, 'scaler': 'standard', 'encoding': 'onehot', 'feature_engineering': False, 'add_log_features': False, 'winsorize': False, 'min_frequency': None, 'target_transform': 'log1p'}, 'model': {'hidden_layers': [512, 64, 128, 128], 'activation': 'tanh', 'dropout': 0.011519223866763519, 'batch_norm': False, 'optimizer': 'rmsprop', 'learning_rate': 0.0010246916730815012, 'weight_decay': 4.792848023650164e-07, 'momentum': 0.7935815714037167, 'batch_size': 64, 'max_epochs': 200, 'patience': 22, 'min_delta': 1e-05, 'loss': 'smooth_l1', 'scheduler': 'cosine', 'gradient_clip': 5.0}}",43.0,7595.196426662248,COMPLETE
172,23666.153687543323,2026-08-17 17:33:48.616221,2026-08-17 17:33:50.778729,0 days 00:00:02.162508,tanh,False,False,64,0.009900139248748135,onehot,True,2,0.0010853267525098346,smooth_l1,5.0,0.7296796360391641,adam,standard,cosine,log1p,1.6503330289787907e-06,128,64.0,,,False,"{'name': 'T172', 'preprocess': {'numeric_only': False, 'scaler': 'standard', 'encoding': 'onehot', 'feature_engineering': True, 'add_log_features': False, 'winsorize': False, 'min_frequency': 5, 'target_transform': 'log1p'}, 'model': {'hidden_layers': [128, 64], 'activation': 'tanh', 'dropout': 0.009900139248748135, 'batch_norm': False, 'optimizer': 'adam', 'learning_rate': 0.0010853267525098346, 'weight_decay': 1.6503330289787907e-06, 'momentum': 0.7296796360391641, 'batch_size': 64, 'max_epochs': 200, 'patience': 22, 'min_delta': 1e-05, 'loss': 'smooth_l1', 'scheduler': 'cosine', 'gradient_clip': 5.0}}",,,PRUNED
173,23350.455317414242,2026-08-17 17:33:50.802884,2026-08-17 17:33:54.751275,0 days 00:00:03.948391,tanh,False,False,64,0.01004185728374052,onehot,False,4,0.00017423633683873093,smooth_l1,,0.8576238040020894,rmsprop,standard,cosine,log1p,9.009245978087452e-06,512,64.0,128.0,128.0,False,"{'name': 'T173', 'preprocess': {'numeric_only': False, 'scaler': 'standard', 'encoding': 'onehot', 'feature_engineering': False, 'add_log_features': False, 'winsorize': False, 'min_frequency': None, 'target_transform': 'log1p'}, 'model': {'hidden_layers': [512, 64, 128, 128], 'activation': 'tanh', 'dropout': 0.01004185728374052, 'batch_norm': False, 'optimizer': 'rmsprop', 'learning_rate': 0.00017423633683873093, 'weight_decay': 9.009245978087452e-06, 'momentum': 0.8576238040020894, 'batch_size': 64, 'max_epochs': 200, 'patience': 22, 'min_delta': 1e-05, 'loss': 'smooth_l1', 'scheduler': 'cosine', 'gradient_clip': 5.0}}",,,PRUNED
174,27478.459037281515,2026-08-17 17:33:54.772743,2026-08-17 17:33:57.169186,0 days 00:00:02.396443,tanh,False,False,128,0.04041238558474598,onehot,True,1,0.007302780651842626,smooth_l1,5.0,0.9339695754923295,adam,standard,cosine,standard,1.8026074609467566e-07,128,,,,False,"{'name': 'T174', 'preprocess': {'numeric_only': False, 'scaler': 'standard', 'encoding': 'onehot', 'feature_engineering': True, 'add_log_features': False, 'winsorize': False, 'min_frequency': 5, 'target_transform': 'standard'}, 'model': {'hidden_layers': [128], 'activation': 'tanh', 'dropout': 0.04041238558474598, 'batch_norm': False, 'optimizer': 'adam', 'learning_rate': 0.007302780651842626, 'weight_decay': 1.8026074609467566e-07, 'momentum': 0.9339695754923295, 'batch_size': 128, 'max_epochs': 200, 'patience': 22, 'min_delta': 1e-05, 'loss': 'smooth_l1', 'scheduler': 'cosine', 'gradient_clip': 5.0}}",14.0,7081.1984461212605,COMPLETE
175,30274.694607296748,2026-08-17 17:33:57.192424,2026-08-17 17:34:04.204117,0 days 00:00:07.011693,tanh,False,False,32,0.08986615753698605,onehot,True,2,0.003352709277091044,smooth_l1,5.0,0.7669977440218166,adamw,robust,cosine,standard,2.244648019663211e-06,128,64.0,,,False,"{'name': 'T175', 'preprocess': {'numeric_only': False, 'scaler': 'robust', 'encoding': 'onehot', 'feature_engineering': True, 'add_log_features': False, 'winsorize': False, 'min_frequency': 5, 'target_transform': 'standard'}, 'model': {'hidden_layers': [128, 64], 'activation': 'tanh', 'dropout': 0.08986615753698605, 'batch_norm': False, 'optimizer': 'adamw', 'learning_rate': 0.003352709277091044, 'weight_decay': 2.244648019663211e-06, 'momentum': 0.7669977440218166, 'batch_size': 32, 'max_epochs': 200, 'patience': 22, 'min_delta': 1e-05, 'loss': 'smooth_l1', 'scheduler': 'cosine', 'gradient_clip': 5.0}}",,,PRUNED
176,23423.952444419905,2026-08-17 17:34:04.217439,2026-08-17 17:34:12.286020,0 days 00:00:08.068581,gelu,False,False,16,0.11304379096276951,onehot,False,3,0.006439167061688769,mse,2.0,0.5237566767471069,adamw,standard,cosine,log1p,1.1126177918192726e-07,512,64.0,128.0,,True,"{'name': 'T176', 'preprocess': {'numeric_only': False, 'scaler': 'standard', 'encoding': 'onehot', 'feature_engineering': False, 'add_log_features': False, 'winsorize': True, 'min_frequency': 2, 'target_transform': 'log1p'}, 'model': {'hidden_layers': [512, 64, 128], 'activation': 'gelu', 'dropout': 0.11304379096276951, 'batch_norm': False, 'optimizer': 'adamw', 'learning_rate': 0.006439167061688769, 'weight_decay': 1.1126177918192726e-07, 'momentum': 0.5237566767471069, 'batch_size': 16, 'max_epochs': 200, 'patience': 22, 'min_delta': 1e-05, 'loss': 'mse', 'scheduler': 'cosine', 'gradient_clip': 5.0}}",,,PRUNED
177,24319.575173530415,2026-08-17 17:34:12.299639,2026-08-17 17:34:14.698705,0 days 00:00:02.399066,tanh,False,False,256,0.2261017742359574,ordinal,True,2,0.0059358647562101265,smooth_l1,,0.7272429835762325,adamw,standard,cosine,log1p,1.634056191302712e-07,512,64.0,,,False,"{'name': 'T177', 'preprocess': {'numeric_only': False, 'scaler': 'standard', 'encoding': 'ordinal', 'feature_engineering': True, 'add_log_features': False, 'winsorize': False, 'min_frequency': None, 'target_transform': 'log1p'}, 'model': {'hidden_layers': [512, 64], 'activation': 'tanh', 'dropout': 0.2261017742359574, 'batch_norm': False, 'optimizer': 'adamw', 'learning_rate': 0.0059358647562101265, 'weight_decay': 1.634056191302712e-07, 'momentum': 0.7272429835762325, 'batch_size': 256, 'max_epochs': 200, 'patience': 22, 'min_delta': 1e-05, 'loss': 'smooth_l1', 'scheduler': 'cosine', 'gradient_clip': 5.0}}",,,PRUNED
178,27720.23634713082,2026-08-17 17:34:14.714273,2026-08-17 17:34:19.129911,0 days 00:00:04.415638,tanh,True,False,64,0.04982251576608007,ordinal,True,4,9.395159581316489e-05,smooth_l1,2.0,0.7927527618498843,rmsprop,standard,none,log1p,3.2291703065311013e-05,256,64.0,128.0,128.0,True,"{'name': 'T178', 'preprocess': {'numeric_only': False, 'scaler': 'standard', 'encoding': 'ordinal', 'feature_engineering': True, 'add_log_features': True, 'winsorize': True, 'min_frequency': 2, 'target_transform': 'log1p'}, 'model': {'hidden_layers': [256, 64, 128, 128], 'activation': 'tanh', 'dropout': 0.04982251576608007, 'batch_norm': False, 'optimizer': 'rmsprop', 'learning_rate': 9.395159581316489e-05, 'weight_decay': 3.2291703065311013e-05, 'momentum': 0.7927527618498843, 'batch_size': 64, 'max_epochs': 200, 'patience': 22, 'min_delta': 1e-05, 'loss': 'smooth_l1', 'scheduler': 'none', 'gradient_clip': 5.0}}",26.0,8146.100604030299,COMPLETE
179,24031.349228003088,2026-08-17 17:34:19.142051,2026-08-17 17:34:22.236180,0 days 00:00:03.094129,tanh,True,False,64,0.098549448645623,ordinal,True,3,0.0025270194722737025,mse,2.0,0.6415380985468786,rmsprop,standard,none,standard,6.314812575368415e-06,64,64.0,128.0,,True,"{'name': 'T179', 'preprocess': {'numeric_only': False, 'scaler': 'standard', 'encoding': 'ordinal', 'feature_engineering': True, 'add_log_features': True, 'winsorize': True, 'min_frequency': 2, 'target_transform': 'standard'}, 'model': {'hidden_layers': [64, 64, 128], 'activation': 'tanh', 'dropout': 0.098549448645623, 'batch_norm': False, 'optimizer': 'rmsprop', 'learning_rate': 0.0025270194722737025, 'weight_decay': 6.314812575368415e-06, 'momentum': 0.6415380985468786, 'batch_size': 64, 'max_epochs': 200, 'patience': 22, 'min_delta': 1e-05, 'loss': 'mse', 'scheduler': 'none', 'gradient_clip': 5.0}}",,,PRUNED
180,30662.690789178727,2026-08-17 17:34:22.252561,2026-08-17 17:34:28.126257,0 days 00:00:05.873696,gelu,False,False,32,0.010187114272727268,onehot,True,3,0.006805339230375388,smooth_l1,5.0,0.7386546634447373,adamw,standard,none,standard,3.5751920479563267e-07,128,64.0,128.0,,False,"{'name': 'T180', 'preprocess': {'numeric_only': False, 'scaler': 'standard', 'encoding': 'onehot', 'feature_engineering': True, 'add_log_features': False, 'winsorize': False, 'min_frequency': 5, 'target_transform': 'standard'}, 'model': {'hidden_layers': [128, 64, 128], 'activation': 'gelu', 'dropout': 0.010187114272727268, 'batch_norm': False, 'optimizer': 'adamw', 'learning_rate': 0.006805339230375388, 'weight_decay': 3.5751920479563267e-07, 'momentum': 0.7386546634447373, 'batch_size': 32, 'max_epochs': 200, 'patience': 22, 'min_delta': 1e-05, 'loss': 'smooth_l1', 'scheduler': 'none', 'gradient_clip': 5.0}}",15.0,16896.119165363703,COMPLETE
181,26042.586900464783,2026-08-17 17:34:28.140259,2026-08-17 17:34:30.900441,0 days 00:00:02.760182,tanh,False,False,64,0.1281462275942973,onehot,False,2,0.017673409411087235,mse,2.0,0.5005006791892291,adamw,standard,cosine,log1p,1.216125556240491e-07,512,64.0,,,False,"{'name': 'T181', 'preprocess': {'numeric_only': False, 'scaler': 'standard', 'encoding': 'onehot', 'feature_engineering': False, 'add_log_features': False, 'winsorize': False, 'min_frequency': 2, 'target_transform': 'log1p'}, 'model': {'hidden_layers': [512, 64], 'activation': 'tanh', 'dropout': 0.1281462275942973, 'batch_norm': False, 'optimizer': 'adamw', 'learning_rate': 0.017673409411087235, 'weight_decay': 1.216125556240491e-07, 'momentum': 0.5005006791892291, 'batch_size': 64, 'max_epochs': 200, 'patience': 22, 'min_delta': 1e-05, 'loss': 'mse', 'scheduler': 'cosine', 'gradient_clip': 5.0}}",,,PRUNED
182,28476.5577946954,2026-08-17 17:34:30.918301,2026-08-17 17:34:38.400702,0 days 00:00:07.482401,silu,True,False,32,0.10143813553047425,onehot,True,2,0.015979384116382323,smooth_l1,5.0,0.8787543894294846,adamw,standard,cosine,standard,5.06940570037014e-06,512,64.0,,,True,"{'name': 'T182', 'preprocess': {'numeric_only': False, 'scaler': 'standard', 'encoding': 'onehot', 'feature_engineering': True, 'add_log_features': True, 'winsorize': True, 'min_frequency': 5, 'target_transform': 'standard'}, 'model': {'hidden_layers': [512, 64], 'activation': 'silu', 'dropout': 0.10143813553047425, 'batch_norm': False, 'optimizer': 'adamw', 'learning_rate': 0.015979384116382323, 'weight_decay': 5.06940570037014e-06, 'momentum': 0.8787543894294846, 'batch_size': 32, 'max_epochs': 200, 'patience': 22, 'min_delta': 1e-05, 'loss': 'smooth_l1', 'scheduler': 'cosine', 'gradient_clip': 5.0}}",25.0,10384.263371815186,COMPLETE
