number,value,datetime_start,datetime_complete,duration,params_activation,params_add_log_features,params_batch_norm,params_batch_size,params_dropout,params_encoding,params_feature_engineering,params_layers,params_learning_rate,params_loss,params_min_frequency,params_momentum,params_optimizer,params_scaler,params_scheduler,params_target_transform,params_weight_decay,params_width_0,params_width_1,params_width_2,params_width_3,params_winsorize,user_attrs_candidate,user_attrs_median_best_epoch,user_attrs_std_rmse,state
45,29940.908939332738,2026-08-17 17:14:09.561725,2026-08-17 17:14:16.353398,0 days 00:00:06.791673,tanh,True,False,32,0.20266733597872566,ordinal,True,3,0.005081063587747818,smooth_l1,,0.5615732722910713,adamw,robust,plateau,log1p,1.570125575877349e-06,256,128.0,64.0,,False,"{'name': 'T045', 'preprocess': {'numeric_only': False, 'scaler': 'robust', 'encoding': 'ordinal', 'feature_engineering': True, 'add_log_features': True, 'winsorize': False, 'min_frequency': None, 'target_transform': 'log1p'}, 'model': {'hidden_layers': [256, 128, 64], 'activation': 'tanh', 'dropout': 0.20266733597872566, 'batch_norm': False, 'optimizer': 'adamw', 'learning_rate': 0.005081063587747818, 'weight_decay': 1.570125575877349e-06, 'momentum': 0.5615732722910713, 'batch_size': 32, 'max_epochs': 200, 'patience': 22, 'min_delta': 1e-05, 'loss': 'smooth_l1', 'scheduler': 'plateau', 'gradient_clip': 5.0}}",,,PRUNED
46,32672.279633507696,2026-08-17 17:14:16.361624,2026-08-17 17:14:18.561620,0 days 00:00:02.199996,leaky_relu,False,False,256,0.1997390952621261,ordinal,True,2,0.006706217294887488,smooth_l1,2.0,0.6397695353208606,adam,standard,none,log1p,1.5717386938586697e-07,256,128.0,,,False,"{'name': 'T046', 'preprocess': {'numeric_only': False, 'scaler': 'standard', 'encoding': 'ordinal', 'feature_engineering': True, 'add_log_features': False, 'winsorize': False, 'min_frequency': 2, 'target_transform': 'log1p'}, 'model': {'hidden_layers': [256, 128], 'activation': 'leaky_relu', 'dropout': 0.1997390952621261, 'batch_norm': False, 'optimizer': 'adam', 'learning_rate': 0.006706217294887488, 'weight_decay': 1.5717386938586697e-07, 'momentum': 0.6397695353208606, 'batch_size': 256, 'max_epochs': 200, 'patience': 22, 'min_delta': 1e-05, 'loss': 'smooth_l1', 'scheduler': 'none', 'gradient_clip': 5.0}}",23.0,20877.36787927907,COMPLETE
47,41130.529866015044,2026-08-17 17:14:18.570006,2026-08-17 17:14:23.630123,0 days 00:00:05.060117,silu,False,False,16,0.19601186113077468,ordinal,True,2,0.014745103502073335,mse,2.0,0.6034641337144553,adamw,robust,plateau,log1p,2.0264646782824473e-06,256,128.0,,,False,"{'name': 'T047', 'preprocess': {'numeric_only': False, 'scaler': 'robust', 'encoding': 'ordinal', 'feature_engineering': True, 'add_log_features': False, 'winsorize': False, 'min_frequency': 2, 'target_transform': 'log1p'}, 'model': {'hidden_layers': [256, 128], 'activation': 'silu', 'dropout': 0.19601186113077468, 'batch_norm': False, 'optimizer': 'adamw', 'learning_rate': 0.014745103502073335, 'weight_decay': 2.0264646782824473e-06, 'momentum': 0.6034641337144553, 'batch_size': 16, 'max_epochs': 200, 'patience': 22, 'min_delta': 1e-05, 'loss': 'mse', 'scheduler': 'plateau', 'gradient_clip': 5.0}}",,,PRUNED
48,26202.80524282043,2026-08-17 17:14:23.643884,2026-08-17 17:14:28.236531,0 days 00:00:04.592647,tanh,False,False,64,0.15387973483005923,ordinal,True,3,0.00820415564350493,mse,5.0,0.5369325303749197,adamw,standard,plateau,log1p,1.0471154256359431e-07,256,128.0,64.0,,False,"{'name': 'T048', 'preprocess': {'numeric_only': False, 'scaler': 'standard', 'encoding': 'ordinal', 'feature_engineering': True, 'add_log_features': False, 'winsorize': False, 'min_frequency': 5, 'target_transform': 'log1p'}, 'model': {'hidden_layers': [256, 128, 64], 'activation': 'tanh', 'dropout': 0.15387973483005923, 'batch_norm': False, 'optimizer': 'adamw', 'learning_rate': 0.00820415564350493, 'weight_decay': 1.0471154256359431e-07, 'momentum': 0.5369325303749197, 'batch_size': 64, 'max_epochs': 200, 'patience': 22, 'min_delta': 1e-05, 'loss': 'mse', 'scheduler': 'plateau', 'gradient_clip': 5.0}}",59.0,6011.139035206386,COMPLETE
49,33850.3416850474,2026-08-17 17:14:28.244820,2026-08-17 17:14:31.995762,0 days 00:00:03.750942,leaky_relu,False,False,64,0.0891581856887332,ordinal,True,4,0.01538007494335644,mse,5.0,0.5135826743774373,adamw,standard,plateau,standard,1.5246810441281458e-07,256,128.0,64.0,256.0,False,"{'name': 'T049', 'preprocess': {'numeric_only': False, 'scaler': 'standard', 'encoding': 'ordinal', 'feature_engineering': True, 'add_log_features': False, 'winsorize': False, 'min_frequency': 5, 'target_transform': 'standard'}, 'model': {'hidden_layers': [256, 128, 64, 256], 'activation': 'leaky_relu', 'dropout': 0.0891581856887332, 'batch_norm': False, 'optimizer': 'adamw', 'learning_rate': 0.01538007494335644, 'weight_decay': 1.5246810441281458e-07, 'momentum': 0.5135826743774373, 'batch_size': 64, 'max_epochs': 200, 'patience': 22, 'min_delta': 1e-05, 'loss': 'mse', 'scheduler': 'plateau', 'gradient_clip': 5.0}}",18.0,16872.626517697827,COMPLETE
50,29996.683592774225,2026-08-17 17:14:32.012497,2026-08-17 17:14:37.386488,0 days 00:00:05.373991,tanh,False,True,64,0.11848132104684815,ordinal,True,3,0.008546017380746585,mse,5.0,0.5106083159428803,adamw,standard,cosine,log1p,4.64800756069251e-07,512,128.0,64.0,,False,"{'name': 'T050', 'preprocess': {'numeric_only': False, 'scaler': 'standard', 'encoding': 'ordinal', 'feature_engineering': True, 'add_log_features': False, 'winsorize': False, 'min_frequency': 5, 'target_transform': 'log1p'}, 'model': {'hidden_layers': [512, 128, 64], 'activation': 'tanh', 'dropout': 0.11848132104684815, 'batch_norm': True, 'optimizer': 'adamw', 'learning_rate': 0.008546017380746585, 'weight_decay': 4.64800756069251e-07, 'momentum': 0.5106083159428803, 'batch_size': 64, 'max_epochs': 200, 'patience': 22, 'min_delta': 1e-05, 'loss': 'mse', 'scheduler': 'cosine', 'gradient_clip': 5.0}}",20.0,5758.909398845976,COMPLETE
51,26468.35962517484,2026-08-17 17:14:37.405317,2026-08-17 17:14:43.636374,0 days 00:00:06.231057,tanh,False,False,32,0.14440962618726724,ordinal,True,3,0.007926837951807347,mse,5.0,0.5925867332040697,adamw,standard,none,log1p,5.671985867764037e-06,256,128.0,64.0,,False,"{'name': 'T051', 'preprocess': {'numeric_only': False, 'scaler': 'standard', 'encoding': 'ordinal', 'feature_engineering': True, 'add_log_features': False, 'winsorize': False, 'min_frequency': 5, 'target_transform': 'log1p'}, 'model': {'hidden_layers': [256, 128, 64], 'activation': 'tanh', 'dropout': 0.14440962618726724, 'batch_norm': False, 'optimizer': 'adamw', 'learning_rate': 0.007926837951807347, 'weight_decay': 5.671985867764037e-06, 'momentum': 0.5925867332040697, 'batch_size': 32, 'max_epochs': 200, 'patience': 22, 'min_delta': 1e-05, 'loss': 'mse', 'scheduler': 'none', 'gradient_clip': 5.0}}",26.0,6404.108662867728,COMPLETE
52,27807.883999769187,2026-08-17 17:14:43.644673,2026-08-17 17:14:51.039264,0 days 00:00:07.394591,tanh,False,False,32,0.16335622499222477,ordinal,True,4,0.005218234518193547,mse,5.0,0.5851959065400227,adamw,standard,none,log1p,3.7975862881494414e-05,256,128.0,64.0,64.0,True,"{'name': 'T052', 'preprocess': {'numeric_only': False, 'scaler': 'standard', 'encoding': 'ordinal', 'feature_engineering': True, 'add_log_features': False, 'winsorize': True, 'min_frequency': 5, 'target_transform': 'log1p'}, 'model': {'hidden_layers': [256, 128, 64, 64], 'activation': 'tanh', 'dropout': 0.16335622499222477, 'batch_norm': False, 'optimizer': 'adamw', 'learning_rate': 0.005218234518193547, 'weight_decay': 3.7975862881494414e-05, 'momentum': 0.5851959065400227, 'batch_size': 32, 'max_epochs': 200, 'patience': 22, 'min_delta': 1e-05, 'loss': 'mse', 'scheduler': 'none', 'gradient_clip': 5.0}}",23.0,5652.393175166851,COMPLETE
53,32562.85448860604,2026-08-17 17:14:51.049548,2026-08-17 17:14:54.237074,0 days 00:00:03.187526,tanh,False,False,32,0.12481156022183829,ordinal,True,4,0.004125349619371839,mse,5.0,0.6487715461397816,adamw,robust,none,log1p,0.0002663997675400308,256,128.0,64.0,64.0,True,"{'name': 'T053', 'preprocess': {'numeric_only': False, 'scaler': 'robust', 'encoding': 'ordinal', 'feature_engineering': True, 'add_log_features': False, 'winsorize': True, 'min_frequency': 5, 'target_transform': 'log1p'}, 'model': {'hidden_layers': [256, 128, 64, 64], 'activation': 'tanh', 'dropout': 0.12481156022183829, 'batch_norm': False, 'optimizer': 'adamw', 'learning_rate': 0.004125349619371839, 'weight_decay': 0.0002663997675400308, 'momentum': 0.6487715461397816, 'batch_size': 32, 'max_epochs': 200, 'patience': 22, 'min_delta': 1e-05, 'loss': 'mse', 'scheduler': 'none', 'gradient_clip': 5.0}}",,,PRUNED
54,27788.70106473376,2026-08-17 17:14:54.255471,2026-08-17 17:14:57.689155,0 days 00:00:03.433684,tanh,True,False,128,0.10731971578695271,ordinal,True,4,0.0013657238089895367,mse,5.0,0.5125663074892762,adamw,standard,none,log1p,3.7305083685622996e-07,256,128.0,64.0,64.0,True,"{'name': 'T054', 'preprocess': {'numeric_only': False, 'scaler': 'standard', 'encoding': 'ordinal', 'feature_engineering': True, 'add_log_features': True, 'winsorize': True, 'min_frequency': 5, 'target_transform': 'log1p'}, 'model': {'hidden_layers': [256, 128, 64, 64], 'activation': 'tanh', 'dropout': 0.10731971578695271, 'batch_norm': False, 'optimizer': 'adamw', 'learning_rate': 0.0013657238089895367, 'weight_decay': 3.7305083685622996e-07, 'momentum': 0.5125663074892762, 'batch_size': 128, 'max_epochs': 200, 'patience': 22, 'min_delta': 1e-05, 'loss': 'mse', 'scheduler': 'none', 'gradient_clip': 5.0}}",26.0,6924.6635283092555,COMPLETE
55,26333.504266498407,2026-08-17 17:14:57.702568,2026-08-17 17:15:01.044372,0 days 00:00:03.341804,tanh,True,False,128,0.12410443015989453,ordinal,True,4,0.001175376814653534,mse,5.0,0.572501535407307,rmsprop,standard,none,log1p,2.3446149142536564e-06,256,128.0,64.0,64.0,True,"{'name': 'T055', 'preprocess': {'numeric_only': False, 'scaler': 'standard', 'encoding': 'ordinal', 'feature_engineering': True, 'add_log_features': True, 'winsorize': True, 'min_frequency': 5, 'target_transform': 'log1p'}, 'model': {'hidden_layers': [256, 128, 64, 64], 'activation': 'tanh', 'dropout': 0.12410443015989453, 'batch_norm': False, 'optimizer': 'rmsprop', 'learning_rate': 0.001175376814653534, 'weight_decay': 2.3446149142536564e-06, 'momentum': 0.572501535407307, 'batch_size': 128, 'max_epochs': 200, 'patience': 22, 'min_delta': 1e-05, 'loss': 'mse', 'scheduler': 'none', 'gradient_clip': 5.0}}",19.0,6526.424726438433,COMPLETE
56,29380.561943253728,2026-08-17 17:15:01.044372,2026-08-17 17:15:03.319398,0 days 00:00:02.275026,tanh,True,False,128,0.2179942157171771,ordinal,True,3,0.009360503248429167,mse,5.0,0.5531158771870568,rmsprop,standard,none,log1p,1.0592661531703241e-05,256,128.0,64.0,,True,"{'name': 'T056', 'preprocess': {'numeric_only': False, 'scaler': 'standard', 'encoding': 'ordinal', 'feature_engineering': True, 'add_log_features': True, 'winsorize': True, 'min_frequency': 5, 'target_transform': 'log1p'}, 'model': {'hidden_layers': [256, 128, 64], 'activation': 'tanh', 'dropout': 0.2179942157171771, 'batch_norm': False, 'optimizer': 'rmsprop', 'learning_rate': 0.009360503248429167, 'weight_decay': 1.0592661531703241e-05, 'momentum': 0.5531158771870568, 'batch_size': 128, 'max_epochs': 200, 'patience': 22, 'min_delta': 1e-05, 'loss': 'mse', 'scheduler': 'none', 'gradient_clip': 5.0}}",,,PRUNED
57,29428.876513646792,2026-08-17 17:15:03.336174,2026-08-17 17:15:05.934694,0 days 00:00:02.598520,tanh,True,False,128,0.10422427191414227,ordinal,True,4,0.004085945221178312,smooth_l1,5.0,0.5371165067592316,adamw,robust,none,log1p,4.035036177579298e-07,256,128.0,64.0,64.0,True,"{'name': 'T057', 'preprocess': {'numeric_only': False, 'scaler': 'robust', 'encoding': 'ordinal', 'feature_engineering': True, 'add_log_features': True, 'winsorize': True, 'min_frequency': 5, 'target_transform': 'log1p'}, 'model': {'hidden_layers': [256, 128, 64, 64], 'activation': 'tanh', 'dropout': 0.10422427191414227, 'batch_norm': False, 'optimizer': 'adamw', 'learning_rate': 0.004085945221178312, 'weight_decay': 4.035036177579298e-07, 'momentum': 0.5371165067592316, 'batch_size': 128, 'max_epochs': 200, 'patience': 22, 'min_delta': 1e-05, 'loss': 'smooth_l1', 'scheduler': 'none', 'gradient_clip': 5.0}}",,,PRUNED
58,28639.51994511855,2026-08-17 17:15:05.944471,2026-08-17 17:15:08.906246,0 days 00:00:02.961775,tanh,False,False,64,0.1615196368042112,ordinal,False,2,0.02232460927324397,mse,,0.5805214481154574,adamw,standard,none,log1p,2.458208108189979e-07,256,128.0,,,False,"{'name': 'T058', 'preprocess': {'numeric_only': False, 'scaler': 'standard', 'encoding': 'ordinal', 'feature_engineering': False, 'add_log_features': False, 'winsorize': False, 'min_frequency': None, 'target_transform': 'log1p'}, 'model': {'hidden_layers': [256, 128], 'activation': 'tanh', 'dropout': 0.1615196368042112, 'batch_norm': False, 'optimizer': 'adamw', 'learning_rate': 0.02232460927324397, 'weight_decay': 2.458208108189979e-07, 'momentum': 0.5805214481154574, 'batch_size': 64, 'max_epochs': 200, 'patience': 22, 'min_delta': 1e-05, 'loss': 'mse', 'scheduler': 'none', 'gradient_clip': 5.0}}",22.0,5726.108434236078,COMPLETE
59,31270.259484208764,2026-08-17 17:15:08.918007,2026-08-17 17:15:11.664197,0 days 00:00:02.746190,tanh,False,False,64,0.14557944938280148,ordinal,True,4,0.010026387278094913,mse,5.0,0.6053637131281465,rmsprop,standard,plateau,log1p,3.298203827005202e-07,64,128.0,64.0,64.0,False,"{'name': 'T059', 'preprocess': {'numeric_only': False, 'scaler': 'standard', 'encoding': 'ordinal', 'feature_engineering': True, 'add_log_features': False, 'winsorize': False, 'min_frequency': 5, 'target_transform': 'log1p'}, 'model': {'hidden_layers': [64, 128, 64, 64], 'activation': 'tanh', 'dropout': 0.14557944938280148, 'batch_norm': False, 'optimizer': 'rmsprop', 'learning_rate': 0.010026387278094913, 'weight_decay': 3.298203827005202e-07, 'momentum': 0.6053637131281465, 'batch_size': 64, 'max_epochs': 200, 'patience': 22, 'min_delta': 1e-05, 'loss': 'mse', 'scheduler': 'plateau', 'gradient_clip': 5.0}}",,,PRUNED
60,26760.47939163957,2026-08-17 17:24:15.628331,2026-08-17 17:24:19.220741,0 days 00:00:03.592410,tanh,False,False,32,0.27251906434512274,ordinal,True,2,0.0026554814300210282,smooth_l1,,0.5963083001369476,adamw,standard,cosine,log1p,1.8028927634166186e-07,64,128.0,,,False,"{'name': 'T060', 'preprocess': {'numeric_only': False, 'scaler': 'standard', 'encoding': 'ordinal', 'feature_engineering': True, 'add_log_features': False, 'winsorize': False, 'min_frequency': None, 'target_transform': 'log1p'}, 'model': {'hidden_layers': [64, 128], 'activation': 'tanh', 'dropout': 0.27251906434512274, 'batch_norm': False, 'optimizer': 'adamw', 'learning_rate': 0.0026554814300210282, 'weight_decay': 1.8028927634166186e-07, 'momentum': 0.5963083001369476, 'batch_size': 32, 'max_epochs': 200, 'patience': 22, 'min_delta': 1e-05, 'loss': 'smooth_l1', 'scheduler': 'cosine', 'gradient_clip': 5.0}}",32.0,5952.705041983788,COMPLETE
61,27226.987433741484,2026-08-17 17:24:19.229130,2026-08-17 17:24:22.962425,0 days 00:00:03.733295,tanh,False,False,64,0.2072798520010907,ordinal,True,2,0.0005988377549866325,smooth_l1,,0.5533852393034808,adamw,standard,cosine,log1p,2.0644770320773654e-06,64,128.0,,,False,"{'name': 'T061', 'preprocess': {'numeric_only': False, 'scaler': 'standard', 'encoding': 'ordinal', 'feature_engineering': True, 'add_log_features': False, 'winsorize': False, 'min_frequency': None, 'target_transform': 'log1p'}, 'model': {'hidden_layers': [64, 128], 'activation': 'tanh', 'dropout': 0.2072798520010907, 'batch_norm': False, 'optimizer': 'adamw', 'learning_rate': 0.0005988377549866325, 'weight_decay': 2.0644770320773654e-06, 'momentum': 0.5533852393034808, 'batch_size': 64, 'max_epochs': 200, 'patience': 22, 'min_delta': 1e-05, 'loss': 'smooth_l1', 'scheduler': 'cosine', 'gradient_clip': 5.0}}",63.0,8003.104726002499,COMPLETE
62,,2026-08-17 17:24:22.978516,2026-08-17 17:39:28.803938,0 days 00:15:05.825422,tanh,False,True,32,0.2470570906300969,ordinal,True,2,0.0008948220132047123,smooth_l1,,0.6290641167469726,sgd,standard,cosine,log1p,4.452114827840712e-07,64,128.0,,,False,"{'name': 'T062', 'preprocess': {'numeric_only': False, 'scaler': 'standard', 'encoding': 'ordinal', 'feature_engineering': True, 'add_log_features': False, 'winsorize': False, 'min_frequency': None, 'target_transform': 'log1p'}, 'model': {'hidden_layers': [64, 128], 'activation': 'tanh', 'dropout': 0.2470570906300969, 'batch_norm': True, 'optimizer': 'sgd', 'learning_rate': 0.0008948220132047123, 'weight_decay': 4.452114827840712e-07, 'momentum': 0.6290641167469726, 'batch_size': 32, 'max_epochs': 200, 'patience': 22, 'min_delta': 1e-05, 'loss': 'smooth_l1', 'scheduler': 'cosine', 'gradient_clip': 5.0}}",,,PRUNED
63,28864.76806810578,2026-08-17 17:24:56.512160,2026-08-17 17:25:04.290312,0 days 00:00:07.778152,tanh,False,False,64,0.149828286424121,ordinal,True,2,0.00012266811614977696,smooth_l1,,0.5367368660141847,adamw,standard,cosine,log1p,1.2849833507101533e-05,64,128.0,,,False,"{'name': 'T063', 'preprocess': {'numeric_only': False, 'scaler': 'standard', 'encoding': 'ordinal', 'feature_engineering': True, 'add_log_features': False, 'winsorize': False, 'min_frequency': None, 'target_transform': 'log1p'}, 'model': {'hidden_layers': [64, 128], 'activation': 'tanh', 'dropout': 0.149828286424121, 'batch_norm': False, 'optimizer': 'adamw', 'learning_rate': 0.00012266811614977696, 'weight_decay': 1.2849833507101533e-05, 'momentum': 0.5367368660141847, 'batch_size': 64, 'max_epochs': 200, 'patience': 22, 'min_delta': 1e-05, 'loss': 'smooth_l1', 'scheduler': 'cosine', 'gradient_clip': 5.0}}",186.0,7568.989343440065,COMPLETE
64,26655.543974599135,2026-08-17 17:25:04.305748,2026-08-17 17:25:09.031876,0 days 00:00:04.726128,leaky_relu,True,False,128,0.12270245453981232,ordinal,True,4,8.28634851276043e-05,mse,5.0,0.633111036646417,adamw,standard,none,log1p,1.279703901652893e-07,256,128.0,64.0,64.0,False,"{'name': 'T064', 'preprocess': {'numeric_only': False, 'scaler': 'standard', 'encoding': 'ordinal', 'feature_engineering': True, 'add_log_features': True, 'winsorize': False, 'min_frequency': 5, 'target_transform': 'log1p'}, 'model': {'hidden_layers': [256, 128, 64, 64], 'activation': 'leaky_relu', 'dropout': 0.12270245453981232, 'batch_norm': False, 'optimizer': 'adamw', 'learning_rate': 8.28634851276043e-05, 'weight_decay': 1.279703901652893e-07, 'momentum': 0.633111036646417, 'batch_size': 128, 'max_epochs': 200, 'patience': 22, 'min_delta': 1e-05, 'loss': 'mse', 'scheduler': 'none', 'gradient_clip': 5.0}}",,,PRUNED
65,36384.994124678175,2026-08-17 17:25:09.045180,2026-08-17 17:25:12.073419,0 days 00:00:03.028239,relu,False,False,32,0.2602566649253142,onehot,True,2,0.008509507535881497,smooth_l1,,0.5345440427139573,adamw,standard,cosine,log1p,1.0310674509801898e-06,64,128.0,,,False,"{'name': 'T065', 'preprocess': {'numeric_only': False, 'scaler': 'standard', 'encoding': 'onehot', 'feature_engineering': True, 'add_log_features': False, 'winsorize': False, 'min_frequency': None, 'target_transform': 'log1p'}, 'model': {'hidden_layers': [64, 128], 'activation': 'relu', 'dropout': 0.2602566649253142, 'batch_norm': False, 'optimizer': 'adamw', 'learning_rate': 0.008509507535881497, 'weight_decay': 1.0310674509801898e-06, 'momentum': 0.5345440427139573, 'batch_size': 32, 'max_epochs': 200, 'patience': 22, 'min_delta': 1e-05, 'loss': 'smooth_l1', 'scheduler': 'cosine', 'gradient_clip': 5.0}}",18.0,23309.74557098755,COMPLETE
66,28266.78535874469,2026-08-17 17:25:12.086858,2026-08-17 17:25:20.791774,0 days 00:00:08.704916,tanh,True,False,16,0.137343928362235,ordinal,False,4,0.0005113112507560077,mse,5.0,0.5768435217904041,adamw,standard,none,log1p,1.358815731832504e-06,256,128.0,64.0,64.0,True,"{'name': 'T066', 'preprocess': {'numeric_only': False, 'scaler': 'standard', 'encoding': 'ordinal', 'feature_engineering': False, 'add_log_features': True, 'winsorize': True, 'min_frequency': 5, 'target_transform': 'log1p'}, 'model': {'hidden_layers': [256, 128, 64, 64], 'activation': 'tanh', 'dropout': 0.137343928362235, 'batch_norm': False, 'optimizer': 'adamw', 'learning_rate': 0.0005113112507560077, 'weight_decay': 1.358815731832504e-06, 'momentum': 0.5768435217904041, 'batch_size': 16, 'max_epochs': 200, 'patience': 22, 'min_delta': 1e-05, 'loss': 'mse', 'scheduler': 'none', 'gradient_clip': 5.0}}",18.0,6156.601967043688,COMPLETE
67,28286.318207766148,2026-08-17 17:25:20.866243,2026-08-17 17:25:25.175357,0 days 00:00:04.309114,tanh,False,False,32,0.12206485936694184,ordinal,True,3,0.006750584123762228,mse,5.0,0.7134171553138181,adamw,standard,none,log1p,2.7678498729444134e-06,256,128.0,32.0,,False,"{'name': 'T067', 'preprocess': {'numeric_only': False, 'scaler': 'standard', 'encoding': 'ordinal', 'feature_engineering': True, 'add_log_features': False, 'winsorize': False, 'min_frequency': 5, 'target_transform': 'log1p'}, 'model': {'hidden_layers': [256, 128, 32], 'activation': 'tanh', 'dropout': 0.12206485936694184, 'batch_norm': False, 'optimizer': 'adamw', 'learning_rate': 0.006750584123762228, 'weight_decay': 2.7678498729444134e-06, 'momentum': 0.7134171553138181, 'batch_size': 32, 'max_epochs': 200, 'patience': 22, 'min_delta': 1e-05, 'loss': 'mse', 'scheduler': 'none', 'gradient_clip': 5.0}}",23.0,5109.757388133504,COMPLETE
