number,value,datetime_start,datetime_complete,duration,params_activation,params_add_log_features,params_batch_norm,params_batch_size,params_dropout,params_encoding,params_feature_engineering,params_layers,params_learning_rate,params_loss,params_min_frequency,params_momentum,params_optimizer,params_scaler,params_scheduler,params_target_transform,params_weight_decay,params_width_0,params_width_1,params_width_2,params_width_3,params_winsorize,user_attrs_candidate,user_attrs_median_best_epoch,user_attrs_std_rmse,state
114,27431.696761234885,2026-08-17 17:29:30.934058,2026-08-17 17:29:36.830464,0 days 00:00:05.896406,tanh,False,False,16,0.02457688473595112,onehot,True,3,0.0016271424264830971,mse,,0.659528882926369,adamw,standard,plateau,log1p,2.560987047864873e-06,512,128.0,128.0,,True,"{'name': 'T114', 'preprocess': {'numeric_only': False, 'scaler': 'standard', 'encoding': 'onehot', 'feature_engineering': True, 'add_log_features': False, 'winsorize': True, 'min_frequency': None, 'target_transform': 'log1p'}, 'model': {'hidden_layers': [512, 128, 128], 'activation': 'tanh', 'dropout': 0.02457688473595112, 'batch_norm': False, 'optimizer': 'adamw', 'learning_rate': 0.0016271424264830971, 'weight_decay': 2.560987047864873e-06, 'momentum': 0.659528882926369, 'batch_size': 16, 'max_epochs': 200, 'patience': 22, 'min_delta': 1e-05, 'loss': 'mse', 'scheduler': 'plateau', 'gradient_clip': 5.0}}",4.0,7717.630461908067,COMPLETE
115,25599.465236743523,2026-08-17 17:29:36.842577,2026-08-17 17:29:44.027754,0 days 00:00:07.185177,tanh,False,False,64,0.1603687090255656,onehot,False,4,0.008346215434048166,mse,,0.802376374488231,adamw,standard,plateau,log1p,2.7597147292861404e-06,512,128.0,128.0,256.0,False,"{'name': 'T115', 'preprocess': {'numeric_only': False, 'scaler': 'standard', 'encoding': 'onehot', 'feature_engineering': False, 'add_log_features': False, 'winsorize': False, 'min_frequency': None, 'target_transform': 'log1p'}, 'model': {'hidden_layers': [512, 128, 128, 256], 'activation': 'tanh', 'dropout': 0.1603687090255656, 'batch_norm': False, 'optimizer': 'adamw', 'learning_rate': 0.008346215434048166, 'weight_decay': 2.7597147292861404e-06, 'momentum': 0.802376374488231, 'batch_size': 64, 'max_epochs': 200, 'patience': 22, 'min_delta': 1e-05, 'loss': 'mse', 'scheduler': 'plateau', 'gradient_clip': 5.0}}",54.0,7187.225602956585,COMPLETE
116,27453.2445746648,2026-08-17 17:29:44.039329,2026-08-17 17:29:48.231140,0 days 00:00:04.191811,tanh,False,False,64,0.08672548217629918,onehot,False,4,0.0028977694853874426,mse,,0.7670700282687775,adamw,standard,plateau,log1p,0.00010160102613273137,512,128.0,128.0,256.0,False,"{'name': 'T116', 'preprocess': {'numeric_only': False, 'scaler': 'standard', 'encoding': 'onehot', 'feature_engineering': False, 'add_log_features': False, 'winsorize': False, 'min_frequency': None, 'target_transform': 'log1p'}, 'model': {'hidden_layers': [512, 128, 128, 256], 'activation': 'tanh', 'dropout': 0.08672548217629918, 'batch_norm': False, 'optimizer': 'adamw', 'learning_rate': 0.0028977694853874426, 'weight_decay': 0.00010160102613273137, 'momentum': 0.7670700282687775, 'batch_size': 64, 'max_epochs': 200, 'patience': 22, 'min_delta': 1e-05, 'loss': 'mse', 'scheduler': 'plateau', 'gradient_clip': 5.0}}",25.0,7745.691506917334,COMPLETE
117,42382.014526113795,2026-08-17 17:29:48.240793,2026-08-17 17:29:51.747745,0 days 00:00:03.506952,silu,False,False,32,0.13785605603148635,ordinal,True,2,0.004037644829021692,smooth_l1,,0.6458425910522461,adamw,standard,cosine,log1p,5.713537185459982e-07,256,128.0,,,False,"{'name': 'T117', 'preprocess': {'numeric_only': False, 'scaler': 'standard', 'encoding': 'ordinal', 'feature_engineering': True, 'add_log_features': False, 'winsorize': False, 'min_frequency': None, 'target_transform': 'log1p'}, 'model': {'hidden_layers': [256, 128], 'activation': 'silu', 'dropout': 0.13785605603148635, 'batch_norm': False, 'optimizer': 'adamw', 'learning_rate': 0.004037644829021692, 'weight_decay': 5.713537185459982e-07, 'momentum': 0.6458425910522461, 'batch_size': 32, 'max_epochs': 200, 'patience': 22, 'min_delta': 1e-05, 'loss': 'smooth_l1', 'scheduler': 'cosine', 'gradient_clip': 5.0}}",17.0,37216.629461394485,COMPLETE
118,28100.043599138484,2026-08-17 17:29:51.762313,2026-08-17 17:29:57.389410,0 days 00:00:05.627097,tanh,False,False,64,0.07711655204221823,onehot,True,4,0.029257942734305844,mse,,0.8919506549630711,sgd,standard,plateau,log1p,2.203142026444621e-07,512,128.0,128.0,256.0,False,"{'name': 'T118', 'preprocess': {'numeric_only': False, 'scaler': 'standard', 'encoding': 'onehot', 'feature_engineering': True, 'add_log_features': False, 'winsorize': False, 'min_frequency': None, 'target_transform': 'log1p'}, 'model': {'hidden_layers': [512, 128, 128, 256], 'activation': 'tanh', 'dropout': 0.07711655204221823, 'batch_norm': False, 'optimizer': 'sgd', 'learning_rate': 0.029257942734305844, 'weight_decay': 2.203142026444621e-07, 'momentum': 0.8919506549630711, 'batch_size': 64, 'max_epochs': 200, 'patience': 22, 'min_delta': 1e-05, 'loss': 'mse', 'scheduler': 'plateau', 'gradient_clip': 5.0}}",35.0,7661.5621033913385,COMPLETE
119,26809.988183276975,2026-08-17 17:29:57.402493,2026-08-17 17:30:01.002874,0 days 00:00:03.600381,tanh,True,True,64,0.05837863512055515,ordinal,True,4,0.0018914844197188282,mse,2.0,0.8997929504983865,adamw,standard,plateau,log1p,6.847725964140495e-07,256,128.0,128.0,256.0,True,"{'name': 'T119', 'preprocess': {'numeric_only': False, 'scaler': 'standard', 'encoding': 'ordinal', 'feature_engineering': True, 'add_log_features': True, 'winsorize': True, 'min_frequency': 2, 'target_transform': 'log1p'}, 'model': {'hidden_layers': [256, 128, 128, 256], 'activation': 'tanh', 'dropout': 0.05837863512055515, 'batch_norm': True, 'optimizer': 'adamw', 'learning_rate': 0.0018914844197188282, 'weight_decay': 6.847725964140495e-07, 'momentum': 0.8997929504983865, 'batch_size': 64, 'max_epochs': 200, 'patience': 22, 'min_delta': 1e-05, 'loss': 'mse', 'scheduler': 'plateau', 'gradient_clip': 5.0}}",,,PRUNED
120,28280.96161242036,2026-08-17 17:30:01.014629,2026-08-17 17:30:02.856017,0 days 00:00:01.841388,tanh,False,False,256,0.28293957249693924,ordinal,False,4,0.0010718492458520832,mse,,0.7010455059961225,adamw,standard,plateau,log1p,4.7014373395140174e-07,512,128.0,128.0,256.0,False,"{'name': 'T120', 'preprocess': {'numeric_only': False, 'scaler': 'standard', 'encoding': 'ordinal', 'feature_engineering': False, 'add_log_features': False, 'winsorize': False, 'min_frequency': None, 'target_transform': 'log1p'}, 'model': {'hidden_layers': [512, 128, 128, 256], 'activation': 'tanh', 'dropout': 0.28293957249693924, 'batch_norm': False, 'optimizer': 'adamw', 'learning_rate': 0.0010718492458520832, 'weight_decay': 4.7014373395140174e-07, 'momentum': 0.7010455059961225, 'batch_size': 256, 'max_epochs': 200, 'patience': 22, 'min_delta': 1e-05, 'loss': 'mse', 'scheduler': 'plateau', 'gradient_clip': 5.0}}",,,PRUNED
121,27273.008200847176,2026-08-17 17:30:02.864313,2026-08-17 17:30:07.260739,0 days 00:00:04.396426,tanh,False,False,64,0.12642498792482473,ordinal,False,4,0.004740290451662982,mse,5.0,0.8358866957372426,adam,standard,plateau,log1p,3.1608506856806743e-07,512,128.0,128.0,256.0,False,"{'name': 'T121', 'preprocess': {'numeric_only': False, 'scaler': 'standard', 'encoding': 'ordinal', 'feature_engineering': False, 'add_log_features': False, 'winsorize': False, 'min_frequency': 5, 'target_transform': 'log1p'}, 'model': {'hidden_layers': [512, 128, 128, 256], 'activation': 'tanh', 'dropout': 0.12642498792482473, 'batch_norm': False, 'optimizer': 'adam', 'learning_rate': 0.004740290451662982, 'weight_decay': 3.1608506856806743e-07, 'momentum': 0.8358866957372426, 'batch_size': 64, 'max_epochs': 200, 'patience': 22, 'min_delta': 1e-05, 'loss': 'mse', 'scheduler': 'plateau', 'gradient_clip': 5.0}}",21.0,7082.552888895724,COMPLETE
122,32574.61003905195,2026-08-17 17:30:07.272678,2026-08-17 17:30:11.923767,0 days 00:00:04.651089,tanh,False,False,128,0.07672195506976248,onehot,True,3,0.020569709651406247,mse,,0.7239336166300941,adamw,robust,plateau,log1p,5.821122669172705e-07,512,128.0,128.0,,False,"{'name': 'T122', 'preprocess': {'numeric_only': False, 'scaler': 'robust', 'encoding': 'onehot', 'feature_engineering': True, 'add_log_features': False, 'winsorize': False, 'min_frequency': None, 'target_transform': 'log1p'}, 'model': {'hidden_layers': [512, 128, 128], 'activation': 'tanh', 'dropout': 0.07672195506976248, 'batch_norm': False, 'optimizer': 'adamw', 'learning_rate': 0.020569709651406247, 'weight_decay': 5.821122669172705e-07, 'momentum': 0.7239336166300941, 'batch_size': 128, 'max_epochs': 200, 'patience': 22, 'min_delta': 1e-05, 'loss': 'mse', 'scheduler': 'plateau', 'gradient_clip': 5.0}}",,,PRUNED
123,27553.136073069512,2026-08-17 17:30:11.935560,2026-08-17 17:30:15.083346,0 days 00:00:03.147786,tanh,False,True,64,0.013973749705720587,onehot,True,3,0.0010949278835040972,mse,,0.79296392005287,adamw,standard,plateau,standard,1.150967720685438e-06,512,128.0,128.0,,False,"{'name': 'T123', 'preprocess': {'numeric_only': False, 'scaler': 'standard', 'encoding': 'onehot', 'feature_engineering': True, 'add_log_features': False, 'winsorize': False, 'min_frequency': None, 'target_transform': 'standard'}, 'model': {'hidden_layers': [512, 128, 128], 'activation': 'tanh', 'dropout': 0.013973749705720587, 'batch_norm': True, 'optimizer': 'adamw', 'learning_rate': 0.0010949278835040972, 'weight_decay': 1.150967720685438e-06, 'momentum': 0.79296392005287, 'batch_size': 64, 'max_epochs': 200, 'patience': 22, 'min_delta': 1e-05, 'loss': 'mse', 'scheduler': 'plateau', 'gradient_clip': 5.0}}",,,PRUNED
124,28519.429990648783,2026-08-17 17:30:15.089116,2026-08-17 17:30:16.829949,0 days 00:00:01.740833,tanh,False,False,64,0.13190217705780244,ordinal,True,1,0.003359520737905501,mse,5.0,0.5963681524698572,adamw,standard,plateau,log1p,1.4623603622372645e-07,128,,,,True,"{'name': 'T124', 'preprocess': {'numeric_only': False, 'scaler': 'standard', 'encoding': 'ordinal', 'feature_engineering': True, 'add_log_features': False, 'winsorize': True, 'min_frequency': 5, 'target_transform': 'log1p'}, 'model': {'hidden_layers': [128], 'activation': 'tanh', 'dropout': 0.13190217705780244, 'batch_norm': False, 'optimizer': 'adamw', 'learning_rate': 0.003359520737905501, 'weight_decay': 1.4623603622372645e-07, 'momentum': 0.5963681524698572, 'batch_size': 64, 'max_epochs': 200, 'patience': 22, 'min_delta': 1e-05, 'loss': 'mse', 'scheduler': 'plateau', 'gradient_clip': 5.0}}",8.0,8467.874367043329,COMPLETE
125,25472.103764621323,2026-08-17 17:30:16.839107,2026-08-17 17:30:19.527012,0 days 00:00:02.687905,tanh,False,True,64,0.2057758991280548,ordinal,True,2,0.028279252032410933,mse,5.0,0.5104580471027994,adamw,standard,plateau,standard,6.191125855543255e-07,128,128.0,,,False,"{'name': 'T125', 'preprocess': {'numeric_only': False, 'scaler': 'standard', 'encoding': 'ordinal', 'feature_engineering': True, 'add_log_features': False, 'winsorize': False, 'min_frequency': 5, 'target_transform': 'standard'}, 'model': {'hidden_layers': [128, 128], 'activation': 'tanh', 'dropout': 0.2057758991280548, 'batch_norm': True, 'optimizer': 'adamw', 'learning_rate': 0.028279252032410933, 'weight_decay': 6.191125855543255e-07, 'momentum': 0.5104580471027994, 'batch_size': 64, 'max_epochs': 200, 'patience': 22, 'min_delta': 1e-05, 'loss': 'mse', 'scheduler': 'plateau', 'gradient_clip': 5.0}}",,,PRUNED
126,24527.332270847488,2026-08-17 17:30:19.540557,2026-08-17 17:30:26.177894,0 days 00:00:06.637337,tanh,False,False,32,0.0620012960884858,onehot,True,3,0.013758964704425487,mse,,0.5501543764066039,adamw,standard,plateau,standard,3.31411982590966e-07,512,512.0,128.0,,False,"{'name': 'T126', 'preprocess': {'numeric_only': False, 'scaler': 'standard', 'encoding': 'onehot', 'feature_engineering': True, 'add_log_features': False, 'winsorize': False, 'min_frequency': None, 'target_transform': 'standard'}, 'model': {'hidden_layers': [512, 512, 128], 'activation': 'tanh', 'dropout': 0.0620012960884858, 'batch_norm': False, 'optimizer': 'adamw', 'learning_rate': 0.013758964704425487, 'weight_decay': 3.31411982590966e-07, 'momentum': 0.5501543764066039, 'batch_size': 32, 'max_epochs': 200, 'patience': 22, 'min_delta': 1e-05, 'loss': 'mse', 'scheduler': 'plateau', 'gradient_clip': 5.0}}",,,PRUNED
127,44889.57079261491,2026-08-17 17:30:26.193538,2026-08-17 17:30:31.147247,0 days 00:00:04.953709,gelu,False,True,64,0.1360112764190502,onehot,False,3,0.005860638968223565,mse,,0.5963857417545436,adamw,standard,plateau,log1p,1.467055881244631e-07,512,128.0,128.0,,False,"{'name': 'T127', 'preprocess': {'numeric_only': False, 'scaler': 'standard', 'encoding': 'onehot', 'feature_engineering': False, 'add_log_features': False, 'winsorize': False, 'min_frequency': None, 'target_transform': 'log1p'}, 'model': {'hidden_layers': [512, 128, 128], 'activation': 'gelu', 'dropout': 0.1360112764190502, 'batch_norm': True, 'optimizer': 'adamw', 'learning_rate': 0.005860638968223565, 'weight_decay': 1.467055881244631e-07, 'momentum': 0.5963857417545436, 'batch_size': 64, 'max_epochs': 200, 'patience': 22, 'min_delta': 1e-05, 'loss': 'mse', 'scheduler': 'plateau', 'gradient_clip': 5.0}}",20.0,39752.224383083514,COMPLETE
128,24431.497664336734,2026-08-17 17:30:31.160991,2026-08-17 17:30:36.019388,0 days 00:00:04.858397,tanh,False,False,32,0.039593665274388325,onehot,True,3,0.01952753101639184,mse,5.0,0.53173829721449,adamw,standard,plateau,log1p,1.11774630351989e-07,64,128.0,128.0,,False,"{'name': 'T128', 'preprocess': {'numeric_only': False, 'scaler': 'standard', 'encoding': 'onehot', 'feature_engineering': True, 'add_log_features': False, 'winsorize': False, 'min_frequency': 5, 'target_transform': 'log1p'}, 'model': {'hidden_layers': [64, 128, 128], 'activation': 'tanh', 'dropout': 0.039593665274388325, 'batch_norm': False, 'optimizer': 'adamw', 'learning_rate': 0.01952753101639184, 'weight_decay': 1.11774630351989e-07, 'momentum': 0.53173829721449, 'batch_size': 32, 'max_epochs': 200, 'patience': 22, 'min_delta': 1e-05, 'loss': 'mse', 'scheduler': 'plateau', 'gradient_clip': 5.0}}",,,PRUNED
129,73077.58562124887,2026-08-17 17:30:36.029423,2026-08-17 17:30:37.449954,0 days 00:00:01.420531,relu,False,False,64,0.0418904554242495,onehot,True,3,0.004506969851534349,mse,,0.6553272943173611,rmsprop,standard,plateau,log1p,1.2206528456356923e-06,512,32.0,64.0,,False,"{'name': 'T129', 'preprocess': {'numeric_only': False, 'scaler': 'standard', 'encoding': 'onehot', 'feature_engineering': True, 'add_log_features': False, 'winsorize': False, 'min_frequency': None, 'target_transform': 'log1p'}, 'model': {'hidden_layers': [512, 32, 64], 'activation': 'relu', 'dropout': 0.0418904554242495, 'batch_norm': False, 'optimizer': 'rmsprop', 'learning_rate': 0.004506969851534349, 'weight_decay': 1.2206528456356923e-06, 'momentum': 0.6553272943173611, 'batch_size': 64, 'max_epochs': 200, 'patience': 22, 'min_delta': 1e-05, 'loss': 'mse', 'scheduler': 'plateau', 'gradient_clip': 5.0}}",,,PRUNED
130,25923.967232913044,2026-08-17 17:30:37.461990,2026-08-17 17:30:42.326086,0 days 00:00:04.864096,tanh,False,False,64,0.08974655494150234,onehot,True,3,0.008125109021288362,mse,2.0,0.6550334362922553,adamw,standard,plateau,log1p,1.5231224111988353e-07,512,128.0,64.0,,False,"{'name': 'T130', 'preprocess': {'numeric_only': False, 'scaler': 'standard', 'encoding': 'onehot', 'feature_engineering': True, 'add_log_features': False, 'winsorize': False, 'min_frequency': 2, 'target_transform': 'log1p'}, 'model': {'hidden_layers': [512, 128, 64], 'activation': 'tanh', 'dropout': 0.08974655494150234, 'batch_norm': False, 'optimizer': 'adamw', 'learning_rate': 0.008125109021288362, 'weight_decay': 1.5231224111988353e-07, 'momentum': 0.6550334362922553, 'batch_size': 64, 'max_epochs': 200, 'patience': 22, 'min_delta': 1e-05, 'loss': 'mse', 'scheduler': 'plateau', 'gradient_clip': 5.0}}",44.0,7010.625235960655,COMPLETE
131,27295.642940023747,2026-08-17 17:30:42.336702,2026-08-17 17:30:44.125345,0 days 00:00:01.788643,tanh,False,False,64,0.22768095336145724,onehot,False,3,0.019800449206655933,mse,5.0,0.6243380961198939,adamw,standard,plateau,log1p,4.486453336581865e-07,32,128.0,64.0,,True,"{'name': 'T131', 'preprocess': {'numeric_only': False, 'scaler': 'standard', 'encoding': 'onehot', 'feature_engineering': False, 'add_log_features': False, 'winsorize': True, 'min_frequency': 5, 'target_transform': 'log1p'}, 'model': {'hidden_layers': [32, 128, 64], 'activation': 'tanh', 'dropout': 0.22768095336145724, 'batch_norm': False, 'optimizer': 'adamw', 'learning_rate': 0.019800449206655933, 'weight_decay': 4.486453336581865e-07, 'momentum': 0.6243380961198939, 'batch_size': 64, 'max_epochs': 200, 'patience': 22, 'min_delta': 1e-05, 'loss': 'mse', 'scheduler': 'plateau', 'gradient_clip': 5.0}}",,,PRUNED
132,27946.28903567362,2026-08-17 17:30:44.136750,2026-08-17 17:30:48.930429,0 days 00:00:04.793679,tanh,True,False,32,0.09468783388114407,ordinal,True,3,0.0007272062461444027,mse,2.0,0.7841756824844499,rmsprop,standard,none,log1p,7.048623648354623e-07,128,128.0,64.0,,True,"{'name': 'T132', 'preprocess': {'numeric_only': False, 'scaler': 'standard', 'encoding': 'ordinal', 'feature_engineering': True, 'add_log_features': True, 'winsorize': True, 'min_frequency': 2, 'target_transform': 'log1p'}, 'model': {'hidden_layers': [128, 128, 64], 'activation': 'tanh', 'dropout': 0.09468783388114407, 'batch_norm': False, 'optimizer': 'rmsprop', 'learning_rate': 0.0007272062461444027, 'weight_decay': 7.048623648354623e-07, 'momentum': 0.7841756824844499, 'batch_size': 32, 'max_epochs': 200, 'patience': 22, 'min_delta': 1e-05, 'loss': 'mse', 'scheduler': 'none', 'gradient_clip': 5.0}}",26.0,6622.2169790962425,COMPLETE
133,26442.68343650612,2026-08-17 17:30:48.947138,2026-08-17 17:30:55.921932,0 days 00:00:06.974794,tanh,False,False,16,0.08275230314345153,onehot,True,2,0.004871176550395082,mse,2.0,0.6098560867029573,adamw,standard,cosine,log1p,1.825099630731634e-07,512,128.0,,,False,"{'name': 'T133', 'preprocess': {'numeric_only': False, 'scaler': 'standard', 'encoding': 'onehot', 'feature_engineering': True, 'add_log_features': False, 'winsorize': False, 'min_frequency': 2, 'target_transform': 'log1p'}, 'model': {'hidden_layers': [512, 128], 'activation': 'tanh', 'dropout': 0.08275230314345153, 'batch_norm': False, 'optimizer': 'adamw', 'learning_rate': 0.004871176550395082, 'weight_decay': 1.825099630731634e-07, 'momentum': 0.6098560867029573, 'batch_size': 16, 'max_epochs': 200, 'patience': 22, 'min_delta': 1e-05, 'loss': 'mse', 'scheduler': 'cosine', 'gradient_clip': 5.0}}",20.0,8780.62737853408,COMPLETE
134,27038.366174638188,2026-08-17 17:30:55.943792,2026-08-17 17:31:04.834638,0 days 00:00:08.890846,tanh,False,False,16,0.05692145856472713,onehot,True,2,0.004721531366264586,mse,2.0,0.6121253467299632,adamw,standard,cosine,log1p,8.169861202307993e-07,512,128.0,,,False,"{'name': 'T134', 'preprocess': {'numeric_only': False, 'scaler': 'standard', 'encoding': 'onehot', 'feature_engineering': True, 'add_log_features': False, 'winsorize': False, 'min_frequency': 2, 'target_transform': 'log1p'}, 'model': {'hidden_layers': [512, 128], 'activation': 'tanh', 'dropout': 0.05692145856472713, 'batch_norm': False, 'optimizer': 'adamw', 'learning_rate': 0.004721531366264586, 'weight_decay': 8.169861202307993e-07, 'momentum': 0.6121253467299632, 'batch_size': 16, 'max_epochs': 200, 'patience': 22, 'min_delta': 1e-05, 'loss': 'mse', 'scheduler': 'cosine', 'gradient_clip': 5.0}}",15.0,9015.200520499437,COMPLETE
135,41353.64913725742,2026-08-17 17:31:04.846900,2026-08-17 17:31:10.171771,0 days 00:00:05.324871,leaky_relu,False,False,16,0.015895227804127388,onehot,True,2,0.011075534958166908,mse,2.0,0.7249717925435639,adamw,standard,cosine,log1p,2.5340058135843393e-06,256,128.0,,,False,"{'name': 'T135', 'preprocess': {'numeric_only': False, 'scaler': 'standard', 'encoding': 'onehot', 'feature_engineering': True, 'add_log_features': False, 'winsorize': False, 'min_frequency': 2, 'target_transform': 'log1p'}, 'model': {'hidden_layers': [256, 128], 'activation': 'leaky_relu', 'dropout': 0.015895227804127388, 'batch_norm': False, 'optimizer': 'adamw', 'learning_rate': 0.011075534958166908, 'weight_decay': 2.5340058135843393e-06, 'momentum': 0.7249717925435639, 'batch_size': 16, 'max_epochs': 200, 'patience': 22, 'min_delta': 1e-05, 'loss': 'mse', 'scheduler': 'cosine', 'gradient_clip': 5.0}}",12.0,36765.97415391495,COMPLETE
136,26661.12730820914,2026-08-17 17:31:10.187608,2026-08-17 17:31:16.235091,0 days 00:00:06.047483,tanh,False,False,16,0.10303548527405657,onehot,False,2,0.0076859031613589575,mse,2.0,0.5298265699325417,adamw,standard,cosine,log1p,1.5633463694557603e-07,512,128.0,,,False,"{'name': 'T136', 'preprocess': {'numeric_only': False, 'scaler': 'standard', 'encoding': 'onehot', 'feature_engineering': False, 'add_log_features': False, 'winsorize': False, 'min_frequency': 2, 'target_transform': 'log1p'}, 'model': {'hidden_layers': [512, 128], 'activation': 'tanh', 'dropout': 0.10303548527405657, 'batch_norm': False, 'optimizer': 'adamw', 'learning_rate': 0.0076859031613589575, 'weight_decay': 1.5633463694557603e-07, 'momentum': 0.5298265699325417, 'batch_size': 16, 'max_epochs': 200, 'patience': 22, 'min_delta': 1e-05, 'loss': 'mse', 'scheduler': 'cosine', 'gradient_clip': 5.0}}",18.0,6875.330249850678,COMPLETE
