number,value,datetime_start,datetime_complete,duration,params_activation,params_add_log_features,params_batch_norm,params_batch_size,params_dropout,params_encoding,params_feature_engineering,params_layers,params_learning_rate,params_loss,params_min_frequency,params_momentum,params_optimizer,params_scaler,params_scheduler,params_target_transform,params_weight_decay,params_width_0,params_width_1,params_width_2,params_width_3,params_winsorize,user_attrs_candidate,user_attrs_median_best_epoch,user_attrs_std_rmse,state
137,68776.88478322695,2026-08-17 17:31:16.238721,2026-08-17 17:31:20.440966,0 days 00:00:04.202245,silu,False,False,16,0.12186093863890199,onehot,False,1,0.0023976811894827633,mse,2.0,0.5760134349519902,adamw,standard,cosine,log1p,1.1495335265126976e-05,512,,,,False,"{'name': 'T137', 'preprocess': {'numeric_only': False, 'scaler': 'standard', 'encoding': 'onehot', 'feature_engineering': False, 'add_log_features': False, 'winsorize': False, 'min_frequency': 2, 'target_transform': 'log1p'}, 'model': {'hidden_layers': [512], 'activation': 'silu', 'dropout': 0.12186093863890199, 'batch_norm': False, 'optimizer': 'adamw', 'learning_rate': 0.0023976811894827633, 'weight_decay': 1.1495335265126976e-05, 'momentum': 0.5760134349519902, 'batch_size': 16, 'max_epochs': 200, 'patience': 22, 'min_delta': 1e-05, 'loss': 'mse', 'scheduler': 'cosine', 'gradient_clip': 5.0}}",8.0,82278.97545868861,COMPLETE
138,28251.072800248003,2026-08-17 17:31:20.451498,2026-08-17 17:31:28.087645,0 days 00:00:07.636147,tanh,False,False,16,0.04949598619221095,onehot,True,3,0.014413485396086051,mse,2.0,0.5898627896310612,sgd,standard,cosine,log1p,1.2368009346670672e-06,32,128.0,64.0,,False,"{'name': 'T138', 'preprocess': {'numeric_only': False, 'scaler': 'standard', 'encoding': 'onehot', 'feature_engineering': True, 'add_log_features': False, 'winsorize': False, 'min_frequency': 2, 'target_transform': 'log1p'}, 'model': {'hidden_layers': [32, 128, 64], 'activation': 'tanh', 'dropout': 0.04949598619221095, 'batch_norm': False, 'optimizer': 'sgd', 'learning_rate': 0.014413485396086051, 'weight_decay': 1.2368009346670672e-06, 'momentum': 0.5898627896310612, 'batch_size': 16, 'max_epochs': 200, 'patience': 22, 'min_delta': 1e-05, 'loss': 'mse', 'scheduler': 'cosine', 'gradient_clip': 5.0}}",39.0,7182.0060574376375,COMPLETE
139,28390.0663456099,2026-08-17 17:31:28.098661,2026-08-17 17:31:30.138239,0 days 00:00:02.039578,tanh,False,False,128,0.2259142678506052,onehot,True,1,0.00829741084296398,mse,2.0,0.5175593284044732,adamw,standard,cosine,log1p,3.6260944573366144e-07,512,,,,False,"{'name': 'T139', 'preprocess': {'numeric_only': False, 'scaler': 'standard', 'encoding': 'onehot', 'feature_engineering': True, 'add_log_features': False, 'winsorize': False, 'min_frequency': 2, 'target_transform': 'log1p'}, 'model': {'hidden_layers': [512], 'activation': 'tanh', 'dropout': 0.2259142678506052, 'batch_norm': False, 'optimizer': 'adamw', 'learning_rate': 0.00829741084296398, 'weight_decay': 3.6260944573366144e-07, 'momentum': 0.5175593284044732, 'batch_size': 128, 'max_epochs': 200, 'patience': 22, 'min_delta': 1e-05, 'loss': 'mse', 'scheduler': 'cosine', 'gradient_clip': 5.0}}",17.0,9324.064203907157,COMPLETE
140,30968.575234177082,2026-08-17 17:31:30.154946,2026-08-17 17:31:37.157627,0 days 00:00:07.002681,tanh,False,False,16,0.035672805834664034,onehot,False,1,0.0003386395015458524,mse,5.0,0.6108457576830041,adamw,standard,cosine,log1p,1.4151454635547858e-07,512,,,,False,"{'name': 'T140', 'preprocess': {'numeric_only': False, 'scaler': 'standard', 'encoding': 'onehot', 'feature_engineering': False, 'add_log_features': False, 'winsorize': False, 'min_frequency': 5, 'target_transform': 'log1p'}, 'model': {'hidden_layers': [512], 'activation': 'tanh', 'dropout': 0.035672805834664034, 'batch_norm': False, 'optimizer': 'adamw', 'learning_rate': 0.0003386395015458524, 'weight_decay': 1.4151454635547858e-07, 'momentum': 0.6108457576830041, 'batch_size': 16, 'max_epochs': 200, 'patience': 22, 'min_delta': 1e-05, 'loss': 'mse', 'scheduler': 'cosine', 'gradient_clip': 5.0}}",12.0,14708.020105012367,COMPLETE
141,45576.43332625527,2026-08-17 17:31:37.174291,2026-08-17 17:31:39.963125,0 days 00:00:02.788834,tanh,False,False,32,0.007781823055666923,ordinal,True,2,0.0282879323085727,mse,,0.6687962618386061,rmsprop,standard,cosine,log1p,2.2031606206286547e-07,64,128.0,,,False,"{'name': 'T141', 'preprocess': {'numeric_only': False, 'scaler': 'standard', 'encoding': 'ordinal', 'feature_engineering': True, 'add_log_features': False, 'winsorize': False, 'min_frequency': None, 'target_transform': 'log1p'}, 'model': {'hidden_layers': [64, 128], 'activation': 'tanh', 'dropout': 0.007781823055666923, 'batch_norm': False, 'optimizer': 'rmsprop', 'learning_rate': 0.0282879323085727, 'weight_decay': 2.2031606206286547e-07, 'momentum': 0.6687962618386061, 'batch_size': 32, 'max_epochs': 200, 'patience': 22, 'min_delta': 1e-05, 'loss': 'mse', 'scheduler': 'cosine', 'gradient_clip': 5.0}}",,,PRUNED
142,39545.490422246185,2026-08-17 17:31:39.979859,2026-08-17 17:31:43.657370,0 days 00:00:03.677511,silu,False,False,32,0.008478775668578728,onehot,True,2,0.002326307507959018,mse,2.0,0.5102190575679154,adam,standard,cosine,log1p,1.4947564031190604e-06,512,128.0,,,False,"{'name': 'T142', 'preprocess': {'numeric_only': False, 'scaler': 'standard', 'encoding': 'onehot', 'feature_engineering': True, 'add_log_features': False, 'winsorize': False, 'min_frequency': 2, 'target_transform': 'log1p'}, 'model': {'hidden_layers': [512, 128], 'activation': 'silu', 'dropout': 0.008478775668578728, 'batch_norm': False, 'optimizer': 'adam', 'learning_rate': 0.002326307507959018, 'weight_decay': 1.4947564031190604e-06, 'momentum': 0.5102190575679154, 'batch_size': 32, 'max_epochs': 200, 'patience': 22, 'min_delta': 1e-05, 'loss': 'mse', 'scheduler': 'cosine', 'gradient_clip': 5.0}}",11.0,29075.775325537994,COMPLETE
143,28123.82579938074,2026-08-17 17:31:43.663067,2026-08-17 17:31:50.245321,0 days 00:00:06.582254,tanh,False,False,16,0.014686030153308965,onehot,True,2,0.0009942512349836248,mse,2.0,0.687652664074552,adamw,standard,cosine,log1p,2.377131353038638e-06,512,128.0,,,False,"{'name': 'T143', 'preprocess': {'numeric_only': False, 'scaler': 'standard', 'encoding': 'onehot', 'feature_engineering': True, 'add_log_features': False, 'winsorize': False, 'min_frequency': 2, 'target_transform': 'log1p'}, 'model': {'hidden_layers': [512, 128], 'activation': 'tanh', 'dropout': 0.014686030153308965, 'batch_norm': False, 'optimizer': 'adamw', 'learning_rate': 0.0009942512349836248, 'weight_decay': 2.377131353038638e-06, 'momentum': 0.687652664074552, 'batch_size': 16, 'max_epochs': 200, 'patience': 22, 'min_delta': 1e-05, 'loss': 'mse', 'scheduler': 'cosine', 'gradient_clip': 5.0}}",6.0,10641.076468968922,COMPLETE
144,27725.646135453688,2026-08-17 17:31:50.255132,2026-08-17 17:31:52.925309,0 days 00:00:02.670177,tanh,False,False,64,0.12023791180066974,onehot,False,1,0.0032153243563836933,mse,2.0,0.6374202049821683,adam,standard,cosine,log1p,3.4702073261079403e-07,512,,,,True,"{'name': 'T144', 'preprocess': {'numeric_only': False, 'scaler': 'standard', 'encoding': 'onehot', 'feature_engineering': False, 'add_log_features': False, 'winsorize': True, 'min_frequency': 2, 'target_transform': 'log1p'}, 'model': {'hidden_layers': [512], 'activation': 'tanh', 'dropout': 0.12023791180066974, 'batch_norm': False, 'optimizer': 'adam', 'learning_rate': 0.0032153243563836933, 'weight_decay': 3.4702073261079403e-07, 'momentum': 0.6374202049821683, 'batch_size': 64, 'max_epochs': 200, 'patience': 22, 'min_delta': 1e-05, 'loss': 'mse', 'scheduler': 'cosine', 'gradient_clip': 5.0}}",26.0,9182.920536092251,COMPLETE
145,26874.09024492272,2026-08-17 17:31:52.936765,2026-08-17 17:32:03.829509,0 days 00:00:10.892744,tanh,False,True,16,0.22202652092431913,onehot,False,1,0.016206671990643948,mse,2.0,0.5966856106911831,adamw,robust,cosine,log1p,1.0427457090703517e-06,512,,,,False,"{'name': 'T145', 'preprocess': {'numeric_only': False, 'scaler': 'robust', 'encoding': 'onehot', 'feature_engineering': False, 'add_log_features': False, 'winsorize': False, 'min_frequency': 2, 'target_transform': 'log1p'}, 'model': {'hidden_layers': [512], 'activation': 'tanh', 'dropout': 0.22202652092431913, 'batch_norm': True, 'optimizer': 'adamw', 'learning_rate': 0.016206671990643948, 'weight_decay': 1.0427457090703517e-06, 'momentum': 0.5966856106911831, 'batch_size': 16, 'max_epochs': 200, 'patience': 22, 'min_delta': 1e-05, 'loss': 'mse', 'scheduler': 'cosine', 'gradient_clip': 5.0}}",,,PRUNED
146,36084.66051550948,2026-08-17 17:32:03.842572,2026-08-17 17:32:06.303690,0 days 00:00:02.461118,leaky_relu,False,False,64,0.11211002807409902,onehot,True,3,0.011247589251186673,mse,2.0,0.571989892732948,adamw,standard,plateau,log1p,1.0973924658543642e-06,512,128.0,64.0,,False,"{'name': 'T146', 'preprocess': {'numeric_only': False, 'scaler': 'standard', 'encoding': 'onehot', 'feature_engineering': True, 'add_log_features': False, 'winsorize': False, 'min_frequency': 2, 'target_transform': 'log1p'}, 'model': {'hidden_layers': [512, 128, 64], 'activation': 'leaky_relu', 'dropout': 0.11211002807409902, 'batch_norm': False, 'optimizer': 'adamw', 'learning_rate': 0.011247589251186673, 'weight_decay': 1.0973924658543642e-06, 'momentum': 0.571989892732948, 'batch_size': 64, 'max_epochs': 200, 'patience': 22, 'min_delta': 1e-05, 'loss': 'mse', 'scheduler': 'plateau', 'gradient_clip': 5.0}}",5.0,25321.760516718066,COMPLETE
147,43490.04557792224,2026-08-17 17:32:06.315128,2026-08-17 17:32:08.396274,0 days 00:00:02.081146,tanh,False,False,64,0.018656101728600924,onehot,True,3,0.019458289380032683,mse,2.0,0.6585261461418114,rmsprop,standard,plateau,log1p,1.927523183849669e-07,512,128.0,64.0,,True,"{'name': 'T147', 'preprocess': {'numeric_only': False, 'scaler': 'standard', 'encoding': 'onehot', 'feature_engineering': True, 'add_log_features': False, 'winsorize': True, 'min_frequency': 2, 'target_transform': 'log1p'}, 'model': {'hidden_layers': [512, 128, 64], 'activation': 'tanh', 'dropout': 0.018656101728600924, 'batch_norm': False, 'optimizer': 'rmsprop', 'learning_rate': 0.019458289380032683, 'weight_decay': 1.927523183849669e-07, 'momentum': 0.6585261461418114, 'batch_size': 64, 'max_epochs': 200, 'patience': 22, 'min_delta': 1e-05, 'loss': 'mse', 'scheduler': 'plateau', 'gradient_clip': 5.0}}",,,PRUNED
148,48657.742558494814,2026-08-17 17:32:08.413183,2026-08-17 17:32:12.277367,0 days 00:00:03.864184,gelu,False,False,64,0.11246531806844337,ordinal,False,3,0.005566281190902248,mse,5.0,0.5382414745741204,adamw,standard,plateau,log1p,6.895153883987203e-06,256,128.0,64.0,,False,"{'name': 'T148', 'preprocess': {'numeric_only': False, 'scaler': 'standard', 'encoding': 'ordinal', 'feature_engineering': False, 'add_log_features': False, 'winsorize': False, 'min_frequency': 5, 'target_transform': 'log1p'}, 'model': {'hidden_layers': [256, 128, 64], 'activation': 'gelu', 'dropout': 0.11246531806844337, 'batch_norm': False, 'optimizer': 'adamw', 'learning_rate': 0.005566281190902248, 'weight_decay': 6.895153883987203e-06, 'momentum': 0.5382414745741204, 'batch_size': 64, 'max_epochs': 200, 'patience': 22, 'min_delta': 1e-05, 'loss': 'mse', 'scheduler': 'plateau', 'gradient_clip': 5.0}}",32.0,46218.077032415305,COMPLETE
149,27515.28140830659,2026-08-17 17:32:12.289137,2026-08-17 17:32:17.187679,0 days 00:00:04.898542,tanh,False,False,16,0.0577518193000692,onehot,False,2,0.005699948865518998,mse,2.0,0.5370057979706789,adamw,standard,cosine,standard,5.07561222680397e-07,32,128.0,,,False,"{'name': 'T149', 'preprocess': {'numeric_only': False, 'scaler': 'standard', 'encoding': 'onehot', 'feature_engineering': False, 'add_log_features': False, 'winsorize': False, 'min_frequency': 2, 'target_transform': 'standard'}, 'model': {'hidden_layers': [32, 128], 'activation': 'tanh', 'dropout': 0.0577518193000692, 'batch_norm': False, 'optimizer': 'adamw', 'learning_rate': 0.005699948865518998, 'weight_decay': 5.07561222680397e-07, 'momentum': 0.5370057979706789, 'batch_size': 16, 'max_epochs': 200, 'patience': 22, 'min_delta': 1e-05, 'loss': 'mse', 'scheduler': 'cosine', 'gradient_clip': 5.0}}",21.0,8009.269131362546,COMPLETE
150,29689.121007287107,2026-08-17 17:32:17.200539,2026-08-17 17:32:19.826724,0 days 00:00:02.626185,tanh,False,False,64,0.02903374290031402,onehot,True,1,0.003492285549098031,mse,,0.62799157308454,adamw,standard,plateau,log1p,2.7520632977313733e-07,512,,,,False,"{'name': 'T150', 'preprocess': {'numeric_only': False, 'scaler': 'standard', 'encoding': 'onehot', 'feature_engineering': True, 'add_log_features': False, 'winsorize': False, 'min_frequency': None, 'target_transform': 'log1p'}, 'model': {'hidden_layers': [512], 'activation': 'tanh', 'dropout': 0.02903374290031402, 'batch_norm': False, 'optimizer': 'adamw', 'learning_rate': 0.003492285549098031, 'weight_decay': 2.7520632977313733e-07, 'momentum': 0.62799157308454, 'batch_size': 64, 'max_epochs': 200, 'patience': 22, 'min_delta': 1e-05, 'loss': 'mse', 'scheduler': 'plateau', 'gradient_clip': 5.0}}",17.0,12268.778328847999,COMPLETE
151,26713.901982628537,2026-08-17 17:32:19.836758,2026-08-17 17:32:23.654289,0 days 00:00:03.817531,tanh,False,False,32,0.030050490916739614,onehot,True,2,0.01501817108538678,smooth_l1,,0.7356910031726017,adamw,standard,cosine,log1p,5.6741986846666e-07,64,64.0,,,False,"{'name': 'T151', 'preprocess': {'numeric_only': False, 'scaler': 'standard', 'encoding': 'onehot', 'feature_engineering': True, 'add_log_features': False, 'winsorize': False, 'min_frequency': None, 'target_transform': 'log1p'}, 'model': {'hidden_layers': [64, 64], 'activation': 'tanh', 'dropout': 0.030050490916739614, 'batch_norm': False, 'optimizer': 'adamw', 'learning_rate': 0.01501817108538678, 'weight_decay': 5.6741986846666e-07, 'momentum': 0.7356910031726017, 'batch_size': 32, 'max_epochs': 200, 'patience': 22, 'min_delta': 1e-05, 'loss': 'smooth_l1', 'scheduler': 'cosine', 'gradient_clip': 5.0}}",27.0,7488.976855134571,COMPLETE
152,27194.69779929651,2026-08-17 17:32:23.667435,2026-08-17 17:32:27.283180,0 days 00:00:03.615745,tanh,False,False,32,0.07018562943049653,onehot,False,2,0.003154849458273558,mse,,0.7929664883597727,adamw,standard,cosine,log1p,2.7829144729330225e-06,64,64.0,,,False,"{'name': 'T152', 'preprocess': {'numeric_only': False, 'scaler': 'standard', 'encoding': 'onehot', 'feature_engineering': False, 'add_log_features': False, 'winsorize': False, 'min_frequency': None, 'target_transform': 'log1p'}, 'model': {'hidden_layers': [64, 64], 'activation': 'tanh', 'dropout': 0.07018562943049653, 'batch_norm': False, 'optimizer': 'adamw', 'learning_rate': 0.003154849458273558, 'weight_decay': 2.7829144729330225e-06, 'momentum': 0.7929664883597727, 'batch_size': 32, 'max_epochs': 200, 'patience': 22, 'min_delta': 1e-05, 'loss': 'mse', 'scheduler': 'cosine', 'gradient_clip': 5.0}}",21.0,6453.78347334057,COMPLETE
153,25792.067079934106,2026-08-17 17:32:27.292274,2026-08-17 17:32:30.911253,0 days 00:00:03.618979,tanh,False,False,64,0.0109477269070576,onehot,True,3,0.005059775442034816,smooth_l1,,0.7679761196327279,adamw,standard,cosine,log1p,4.852228998031377e-07,512,64.0,128.0,,False,"{'name': 'T153', 'preprocess': {'numeric_only': False, 'scaler': 'standard', 'encoding': 'onehot', 'feature_engineering': True, 'add_log_features': False, 'winsorize': False, 'min_frequency': None, 'target_transform': 'log1p'}, 'model': {'hidden_layers': [512, 64, 128], 'activation': 'tanh', 'dropout': 0.0109477269070576, 'batch_norm': False, 'optimizer': 'adamw', 'learning_rate': 0.005059775442034816, 'weight_decay': 4.852228998031377e-07, 'momentum': 0.7679761196327279, 'batch_size': 64, 'max_epochs': 200, 'patience': 22, 'min_delta': 1e-05, 'loss': 'smooth_l1', 'scheduler': 'cosine', 'gradient_clip': 5.0}}",20.0,7805.534797920352,COMPLETE
154,25971.851216553026,2026-08-17 17:32:30.920768,2026-08-17 17:32:35.017019,0 days 00:00:04.096251,tanh,False,False,32,0.009208554347851972,onehot,True,2,0.007701666036052553,smooth_l1,5.0,0.8400360226414482,adamw,standard,cosine,standard,2.326458873376576e-06,128,64.0,,,False,"{'name': 'T154', 'preprocess': {'numeric_only': False, 'scaler': 'standard', 'encoding': 'onehot', 'feature_engineering': True, 'add_log_features': False, 'winsorize': False, 'min_frequency': 5, 'target_transform': 'standard'}, 'model': {'hidden_layers': [128, 64], 'activation': 'tanh', 'dropout': 0.009208554347851972, 'batch_norm': False, 'optimizer': 'adamw', 'learning_rate': 0.007701666036052553, 'weight_decay': 2.326458873376576e-06, 'momentum': 0.8400360226414482, 'batch_size': 32, 'max_epochs': 200, 'patience': 22, 'min_delta': 1e-05, 'loss': 'smooth_l1', 'scheduler': 'cosine', 'gradient_clip': 5.0}}",31.0,6769.026368686247,COMPLETE
155,26458.684140008205,2026-08-17 17:32:35.024025,2026-08-17 17:32:38.636354,0 days 00:00:03.612329,tanh,False,False,32,0.00531106981728827,onehot,True,2,0.007996997683703504,smooth_l1,5.0,0.8401361698679547,adam,standard,cosine,standard,1.2691330779810567e-06,128,64.0,,,False,"{'name': 'T155', 'preprocess': {'numeric_only': False, 'scaler': 'standard', 'encoding': 'onehot', 'feature_engineering': True, 'add_log_features': False, 'winsorize': False, 'min_frequency': 5, 'target_transform': 'standard'}, 'model': {'hidden_layers': [128, 64], 'activation': 'tanh', 'dropout': 0.00531106981728827, 'batch_norm': False, 'optimizer': 'adam', 'learning_rate': 0.007996997683703504, 'weight_decay': 1.2691330779810567e-06, 'momentum': 0.8401361698679547, 'batch_size': 32, 'max_epochs': 200, 'patience': 22, 'min_delta': 1e-05, 'loss': 'smooth_l1', 'scheduler': 'cosine', 'gradient_clip': 5.0}}",28.0,6714.817770766595,COMPLETE
156,30762.955997617737,2026-08-17 17:32:38.645651,2026-08-17 17:32:42.329059,0 days 00:00:03.683408,tanh,False,False,16,0.05428625968106006,onehot,True,2,0.009353752534253518,smooth_l1,5.0,0.8061372651047538,rmsprop,standard,cosine,standard,3.111090838926508e-05,128,64.0,,,False,"{'name': 'T156', 'preprocess': {'numeric_only': False, 'scaler': 'standard', 'encoding': 'onehot', 'feature_engineering': True, 'add_log_features': False, 'winsorize': False, 'min_frequency': 5, 'target_transform': 'standard'}, 'model': {'hidden_layers': [128, 64], 'activation': 'tanh', 'dropout': 0.05428625968106006, 'batch_norm': False, 'optimizer': 'rmsprop', 'learning_rate': 0.009353752534253518, 'weight_decay': 3.111090838926508e-05, 'momentum': 0.8061372651047538, 'batch_size': 16, 'max_epochs': 200, 'patience': 22, 'min_delta': 1e-05, 'loss': 'smooth_l1', 'scheduler': 'cosine', 'gradient_clip': 5.0}}",,,PRUNED
157,50145.99529171625,2026-08-17 17:32:42.348305,2026-08-17 17:32:45.698569,0 days 00:00:03.350264,leaky_relu,False,False,64,0.07467005384111171,onehot,True,3,0.0014200474828993152,smooth_l1,,0.778014351248582,adamw,standard,cosine,log1p,1.8504538236723807e-05,512,64.0,64.0,,False,"{'name': 'T157', 'preprocess': {'numeric_only': False, 'scaler': 'standard', 'encoding': 'onehot', 'feature_engineering': True, 'add_log_features': False, 'winsorize': False, 'min_frequency': None, 'target_transform': 'log1p'}, 'model': {'hidden_layers': [512, 64, 64], 'activation': 'leaky_relu', 'dropout': 0.07467005384111171, 'batch_norm': False, 'optimizer': 'adamw', 'learning_rate': 0.0014200474828993152, 'weight_decay': 1.8504538236723807e-05, 'momentum': 0.778014351248582, 'batch_size': 64, 'max_epochs': 200, 'patience': 22, 'min_delta': 1e-05, 'loss': 'smooth_l1', 'scheduler': 'cosine', 'gradient_clip': 5.0}}",22.0,51803.85936577394,COMPLETE
158,25196.13293693611,2026-08-17 17:32:45.712307,2026-08-17 17:32:49.112269,0 days 00:00:03.399962,tanh,False,False,32,0.060477967297623766,onehot,True,3,0.00858716328279012,smooth_l1,,0.8937189400228447,adam,standard,cosine,standard,1.324656427302931e-07,128,64.0,32.0,,False,"{'name': 'T158', 'preprocess': {'numeric_only': False, 'scaler': 'standard', 'encoding': 'onehot', 'feature_engineering': True, 'add_log_features': False, 'winsorize': False, 'min_frequency': None, 'target_transform': 'standard'}, 'model': {'hidden_layers': [128, 64, 32], 'activation': 'tanh', 'dropout': 0.060477967297623766, 'batch_norm': False, 'optimizer': 'adam', 'learning_rate': 0.00858716328279012, 'weight_decay': 1.324656427302931e-07, 'momentum': 0.8937189400228447, 'batch_size': 32, 'max_epochs': 200, 'patience': 22, 'min_delta': 1e-05, 'loss': 'smooth_l1', 'scheduler': 'cosine', 'gradient_clip': 5.0}}",,,PRUNED
159,24213.317362978443,2026-08-17 17:32:49.137395,2026-08-17 17:32:51.370501,0 days 00:00:02.233106,tanh,False,False,32,0.11968980497998945,onehot,True,2,0.015168402380382627,smooth_l1,,0.7803455730122802,adamw,standard,cosine,log1p,6.726414272860714e-06,64,64.0,,,False,"{'name': 'T159', 'preprocess': {'numeric_only': False, 'scaler': 'standard', 'encoding': 'onehot', 'feature_engineering': True, 'add_log_features': False, 'winsorize': False, 'min_frequency': None, 'target_transform': 'log1p'}, 'model': {'hidden_layers': [64, 64], 'activation': 'tanh', 'dropout': 0.11968980497998945, 'batch_norm': False, 'optimizer': 'adamw', 'learning_rate': 0.015168402380382627, 'weight_decay': 6.726414272860714e-06, 'momentum': 0.7803455730122802, 'batch_size': 32, 'max_epochs': 200, 'patience': 22, 'min_delta': 1e-05, 'loss': 'smooth_l1', 'scheduler': 'cosine', 'gradient_clip': 5.0}}",,,PRUNED
