number,value,datetime_start,datetime_complete,duration,params_activation,params_add_log_features,params_batch_norm,params_batch_size,params_dropout,params_encoding,params_feature_engineering,params_layers,params_learning_rate,params_loss,params_min_frequency,params_momentum,params_optimizer,params_scaler,params_scheduler,params_target_transform,params_weight_decay,params_width_0,params_width_1,params_width_2,params_width_3,params_winsorize,user_attrs_candidate,user_attrs_median_best_epoch,user_attrs_std_rmse,state
68,29744.58729876137,2026-08-17 17:25:25.178293,2026-08-17 17:25:29.234892,0 days 00:00:04.056599,relu,True,False,32,0.08791554874017318,ordinal,True,4,0.0035353332217092893,mse,,0.5408262034941865,adam,standard,none,log1p,1.8805112909650743e-07,256,128.0,64.0,64.0,True,"{'name': 'T068', 'preprocess': {'numeric_only': False, 'scaler': 'standard', 'encoding': 'ordinal', 'feature_engineering': True, 'add_log_features': True, 'winsorize': True, 'min_frequency': None, 'target_transform': 'log1p'}, 'model': {'hidden_layers': [256, 128, 64, 64], 'activation': 'relu', 'dropout': 0.08791554874017318, 'batch_norm': False, 'optimizer': 'adam', 'learning_rate': 0.0035353332217092893, 'weight_decay': 1.8805112909650743e-07, 'momentum': 0.5408262034941865, 'batch_size': 32, 'max_epochs': 200, 'patience': 22, 'min_delta': 1e-05, 'loss': 'mse', 'scheduler': 'none', 'gradient_clip': 5.0}}",11.0,12036.033411779514,COMPLETE
69,27907.09761016334,2026-08-17 17:25:29.244804,2026-08-17 17:25:34.744694,0 days 00:00:05.499890,tanh,False,False,32,0.37436941633666193,ordinal,True,2,0.000802727126567714,mse,,0.5253799313909039,adamw,standard,cosine,log1p,5.4089850885560775e-06,128,256.0,,,False,"{'name': 'T069', 'preprocess': {'numeric_only': False, 'scaler': 'standard', 'encoding': 'ordinal', 'feature_engineering': True, 'add_log_features': False, 'winsorize': False, 'min_frequency': None, 'target_transform': 'log1p'}, 'model': {'hidden_layers': [128, 256], 'activation': 'tanh', 'dropout': 0.37436941633666193, 'batch_norm': False, 'optimizer': 'adamw', 'learning_rate': 0.000802727126567714, 'weight_decay': 5.4089850885560775e-06, 'momentum': 0.5253799313909039, 'batch_size': 32, 'max_epochs': 200, 'patience': 22, 'min_delta': 1e-05, 'loss': 'mse', 'scheduler': 'cosine', 'gradient_clip': 5.0}}",52.0,7895.445568043976,COMPLETE
70,26320.39709731439,2026-08-17 17:25:34.760187,2026-08-17 17:25:38.182811,0 days 00:00:03.422624,tanh,False,False,32,0.1262552831362604,ordinal,True,2,0.006052209864422865,smooth_l1,,0.7185480619918195,adamw,standard,cosine,log1p,1.6842798507773023e-07,64,128.0,,,False,"{'name': 'T070', 'preprocess': {'numeric_only': False, 'scaler': 'standard', 'encoding': 'ordinal', 'feature_engineering': True, 'add_log_features': False, 'winsorize': False, 'min_frequency': None, 'target_transform': 'log1p'}, 'model': {'hidden_layers': [64, 128], 'activation': 'tanh', 'dropout': 0.1262552831362604, 'batch_norm': False, 'optimizer': 'adamw', 'learning_rate': 0.006052209864422865, 'weight_decay': 1.6842798507773023e-07, 'momentum': 0.7185480619918195, 'batch_size': 32, 'max_epochs': 200, 'patience': 22, 'min_delta': 1e-05, 'loss': 'smooth_l1', 'scheduler': 'cosine', 'gradient_clip': 5.0}}",13.0,7138.7310649017945,COMPLETE
71,28985.493304767202,2026-08-17 17:25:38.194721,2026-08-17 17:25:43.891264,0 days 00:00:05.696543,tanh,False,False,32,0.2366713400512421,ordinal,True,3,0.005128407357959523,smooth_l1,,0.6533925000420502,sgd,standard,none,log1p,2.884405280299475e-07,64,128.0,32.0,,False,"{'name': 'T071', 'preprocess': {'numeric_only': False, 'scaler': 'standard', 'encoding': 'ordinal', 'feature_engineering': True, 'add_log_features': False, 'winsorize': False, 'min_frequency': None, 'target_transform': 'log1p'}, 'model': {'hidden_layers': [64, 128, 32], 'activation': 'tanh', 'dropout': 0.2366713400512421, 'batch_norm': False, 'optimizer': 'sgd', 'learning_rate': 0.005128407357959523, 'weight_decay': 2.884405280299475e-07, 'momentum': 0.6533925000420502, 'batch_size': 32, 'max_epochs': 200, 'patience': 22, 'min_delta': 1e-05, 'loss': 'smooth_l1', 'scheduler': 'none', 'gradient_clip': 5.0}}",,,PRUNED
72,25412.62675223766,2026-08-17 17:25:43.903017,2026-08-17 17:25:48.961345,0 days 00:00:05.058328,tanh,False,False,16,0.07096985033835249,ordinal,True,3,0.010361277669750736,smooth_l1,,0.6716056682440282,adamw,standard,cosine,log1p,2.0247244473827764e-06,32,128.0,64.0,,False,"{'name': 'T072', 'preprocess': {'numeric_only': False, 'scaler': 'standard', 'encoding': 'ordinal', 'feature_engineering': True, 'add_log_features': False, 'winsorize': False, 'min_frequency': None, 'target_transform': 'log1p'}, 'model': {'hidden_layers': [32, 128, 64], 'activation': 'tanh', 'dropout': 0.07096985033835249, 'batch_norm': False, 'optimizer': 'adamw', 'learning_rate': 0.010361277669750736, 'weight_decay': 2.0247244473827764e-06, 'momentum': 0.6716056682440282, 'batch_size': 16, 'max_epochs': 200, 'patience': 22, 'min_delta': 1e-05, 'loss': 'smooth_l1', 'scheduler': 'cosine', 'gradient_clip': 5.0}}",,,PRUNED
73,39467.70727291274,2026-08-17 17:25:48.969647,2026-08-17 17:25:51.728009,0 days 00:00:02.758362,relu,False,False,32,0.02325886099262431,ordinal,True,2,0.015511896771622513,smooth_l1,,0.753166346071195,adamw,standard,plateau,log1p,2.7934984764402805e-07,64,128.0,,,False,"{'name': 'T073', 'preprocess': {'numeric_only': False, 'scaler': 'standard', 'encoding': 'ordinal', 'feature_engineering': True, 'add_log_features': False, 'winsorize': False, 'min_frequency': None, 'target_transform': 'log1p'}, 'model': {'hidden_layers': [64, 128], 'activation': 'relu', 'dropout': 0.02325886099262431, 'batch_norm': False, 'optimizer': 'adamw', 'learning_rate': 0.015511896771622513, 'weight_decay': 2.7934984764402805e-07, 'momentum': 0.753166346071195, 'batch_size': 32, 'max_epochs': 200, 'patience': 22, 'min_delta': 1e-05, 'loss': 'smooth_l1', 'scheduler': 'plateau', 'gradient_clip': 5.0}}",9.0,33512.93602246272,COMPLETE
74,28463.807756529437,2026-08-17 17:25:51.752990,2026-08-17 17:25:55.436227,0 days 00:00:03.683237,tanh,False,True,32,0.1618546483138701,ordinal,True,2,0.005160187168301144,smooth_l1,,0.6575795563021136,adamw,standard,cosine,log1p,1.085566499005427e-07,64,128.0,,,False,"{'name': 'T074', 'preprocess': {'numeric_only': False, 'scaler': 'standard', 'encoding': 'ordinal', 'feature_engineering': True, 'add_log_features': False, 'winsorize': False, 'min_frequency': None, 'target_transform': 'log1p'}, 'model': {'hidden_layers': [64, 128], 'activation': 'tanh', 'dropout': 0.1618546483138701, 'batch_norm': True, 'optimizer': 'adamw', 'learning_rate': 0.005160187168301144, 'weight_decay': 1.085566499005427e-07, 'momentum': 0.6575795563021136, 'batch_size': 32, 'max_epochs': 200, 'patience': 22, 'min_delta': 1e-05, 'loss': 'smooth_l1', 'scheduler': 'cosine', 'gradient_clip': 5.0}}",12.0,6662.865555407987,COMPLETE
75,33717.90513033441,2026-08-17 17:25:55.444602,2026-08-17 17:25:58.706046,0 days 00:00:03.261444,silu,False,False,64,0.27330823732461546,onehot,True,3,0.006618872060420224,smooth_l1,5.0,0.5481570694380649,adamw,standard,plateau,log1p,1.4415449390800202e-06,256,128.0,64.0,,False,"{'name': 'T075', 'preprocess': {'numeric_only': False, 'scaler': 'standard', 'encoding': 'onehot', 'feature_engineering': True, 'add_log_features': False, 'winsorize': False, 'min_frequency': 5, 'target_transform': 'log1p'}, 'model': {'hidden_layers': [256, 128, 64], 'activation': 'silu', 'dropout': 0.27330823732461546, 'batch_norm': False, 'optimizer': 'adamw', 'learning_rate': 0.006618872060420224, 'weight_decay': 1.4415449390800202e-06, 'momentum': 0.5481570694380649, 'batch_size': 64, 'max_epochs': 200, 'patience': 22, 'min_delta': 1e-05, 'loss': 'smooth_l1', 'scheduler': 'plateau', 'gradient_clip': 5.0}}",22.0,19657.10098854443,COMPLETE
76,29578.52993206543,2026-08-17 17:25:58.711313,2026-08-17 17:26:02.102917,0 days 00:00:03.391604,relu,True,False,128,0.04820522480313452,ordinal,True,4,0.018632922802838802,mse,5.0,0.5038508959315651,adamw,standard,none,log1p,1.0795290955957621e-07,32,512.0,64.0,64.0,True,"{'name': 'T076', 'preprocess': {'numeric_only': False, 'scaler': 'standard', 'encoding': 'ordinal', 'feature_engineering': True, 'add_log_features': True, 'winsorize': True, 'min_frequency': 5, 'target_transform': 'log1p'}, 'model': {'hidden_layers': [32, 512, 64, 64], 'activation': 'relu', 'dropout': 0.04820522480313452, 'batch_norm': False, 'optimizer': 'adamw', 'learning_rate': 0.018632922802838802, 'weight_decay': 1.0795290955957621e-07, 'momentum': 0.5038508959315651, 'batch_size': 128, 'max_epochs': 200, 'patience': 22, 'min_delta': 1e-05, 'loss': 'mse', 'scheduler': 'none', 'gradient_clip': 5.0}}",37.0,11011.7782783034,COMPLETE
77,31689.370049963814,2026-08-17 17:26:02.119478,2026-08-17 17:26:08.086145,0 days 00:00:05.966667,tanh,False,True,128,0.04267995817915571,ordinal,True,4,0.00013017278320106792,mse,5.0,0.512509629000987,adamw,standard,plateau,log1p,7.692763350612567e-07,256,128.0,64.0,64.0,True,"{'name': 'T077', 'preprocess': {'numeric_only': False, 'scaler': 'standard', 'encoding': 'ordinal', 'feature_engineering': True, 'add_log_features': False, 'winsorize': True, 'min_frequency': 5, 'target_transform': 'log1p'}, 'model': {'hidden_layers': [256, 128, 64, 64], 'activation': 'tanh', 'dropout': 0.04267995817915571, 'batch_norm': True, 'optimizer': 'adamw', 'learning_rate': 0.00013017278320106792, 'weight_decay': 7.692763350612567e-07, 'momentum': 0.512509629000987, 'batch_size': 128, 'max_epochs': 200, 'patience': 22, 'min_delta': 1e-05, 'loss': 'mse', 'scheduler': 'plateau', 'gradient_clip': 5.0}}",,,PRUNED
78,29015.800447018846,2026-08-17 17:26:08.103267,2026-08-17 17:26:11.538308,0 days 00:00:03.435041,gelu,False,False,128,0.2481076788407232,ordinal,True,3,0.00034738210922004076,mse,5.0,0.5658939902271845,adamw,standard,none,log1p,4.693233882469195e-06,32,128.0,64.0,,True,"{'name': 'T078', 'preprocess': {'numeric_only': False, 'scaler': 'standard', 'encoding': 'ordinal', 'feature_engineering': True, 'add_log_features': False, 'winsorize': True, 'min_frequency': 5, 'target_transform': 'log1p'}, 'model': {'hidden_layers': [32, 128, 64], 'activation': 'gelu', 'dropout': 0.2481076788407232, 'batch_norm': False, 'optimizer': 'adamw', 'learning_rate': 0.00034738210922004076, 'weight_decay': 4.693233882469195e-06, 'momentum': 0.5658939902271845, 'batch_size': 128, 'max_epochs': 200, 'patience': 22, 'min_delta': 1e-05, 'loss': 'mse', 'scheduler': 'none', 'gradient_clip': 5.0}}",,,PRUNED
79,26318.762409855884,2026-08-17 17:26:11.538308,2026-08-17 17:26:15.236056,0 days 00:00:03.697748,tanh,True,False,64,0.06068165995956777,ordinal,True,4,0.0009026914521375009,mse,2.0,0.7637116463314778,rmsprop,standard,none,log1p,1.5979098730616169e-06,256,256.0,64.0,64.0,True,"{'name': 'T079', 'preprocess': {'numeric_only': False, 'scaler': 'standard', 'encoding': 'ordinal', 'feature_engineering': True, 'add_log_features': True, 'winsorize': True, 'min_frequency': 2, 'target_transform': 'log1p'}, 'model': {'hidden_layers': [256, 256, 64, 64], 'activation': 'tanh', 'dropout': 0.06068165995956777, 'batch_norm': False, 'optimizer': 'rmsprop', 'learning_rate': 0.0009026914521375009, 'weight_decay': 1.5979098730616169e-06, 'momentum': 0.7637116463314778, 'batch_size': 64, 'max_epochs': 200, 'patience': 22, 'min_delta': 1e-05, 'loss': 'mse', 'scheduler': 'none', 'gradient_clip': 5.0}}",16.0,7284.040146857206,COMPLETE
80,28347.261770321864,2026-08-17 17:26:15.244476,2026-08-17 17:26:18.344268,0 days 00:00:03.099792,tanh,True,False,64,0.09890264311913691,ordinal,True,3,0.0004281949038920902,mse,2.0,0.7561275688716893,rmsprop,robust,none,log1p,6.175648544399063e-07,256,256.0,64.0,,True,"{'name': 'T080', 'preprocess': {'numeric_only': False, 'scaler': 'robust', 'encoding': 'ordinal', 'feature_engineering': True, 'add_log_features': True, 'winsorize': True, 'min_frequency': 2, 'target_transform': 'log1p'}, 'model': {'hidden_layers': [256, 256, 64], 'activation': 'tanh', 'dropout': 0.09890264311913691, 'batch_norm': False, 'optimizer': 'rmsprop', 'learning_rate': 0.0004281949038920902, 'weight_decay': 6.175648544399063e-07, 'momentum': 0.7561275688716893, 'batch_size': 64, 'max_epochs': 200, 'patience': 22, 'min_delta': 1e-05, 'loss': 'mse', 'scheduler': 'none', 'gradient_clip': 5.0}}",,,PRUNED
81,26628.742196522217,2026-08-17 17:26:18.355877,2026-08-17 17:26:24.085961,0 days 00:00:05.730084,tanh,True,False,64,0.08108288871483209,ordinal,False,4,0.007747844728225864,mse,2.0,0.864544743652621,sgd,standard,none,log1p,1.5896866187798435e-06,256,256.0,512.0,256.0,True,"{'name': 'T081', 'preprocess': {'numeric_only': False, 'scaler': 'standard', 'encoding': 'ordinal', 'feature_engineering': False, 'add_log_features': True, 'winsorize': True, 'min_frequency': 2, 'target_transform': 'log1p'}, 'model': {'hidden_layers': [256, 256, 512, 256], 'activation': 'tanh', 'dropout': 0.08108288871483209, 'batch_norm': False, 'optimizer': 'sgd', 'learning_rate': 0.007747844728225864, 'weight_decay': 1.5896866187798435e-06, 'momentum': 0.864544743652621, 'batch_size': 64, 'max_epochs': 200, 'patience': 22, 'min_delta': 1e-05, 'loss': 'mse', 'scheduler': 'none', 'gradient_clip': 5.0}}",,,PRUNED
82,28247.073971341713,2026-08-17 17:26:24.099021,2026-08-17 17:26:27.999414,0 days 00:00:03.900393,tanh,True,False,64,0.0029692414971578887,ordinal,True,4,0.0017791116855420273,mse,5.0,0.6996163318987723,rmsprop,standard,cosine,log1p,4.2762179411682173e-07,256,256.0,64.0,64.0,True,"{'name': 'T082', 'preprocess': {'numeric_only': False, 'scaler': 'standard', 'encoding': 'ordinal', 'feature_engineering': True, 'add_log_features': True, 'winsorize': True, 'min_frequency': 5, 'target_transform': 'log1p'}, 'model': {'hidden_layers': [256, 256, 64, 64], 'activation': 'tanh', 'dropout': 0.0029692414971578887, 'batch_norm': False, 'optimizer': 'rmsprop', 'learning_rate': 0.0017791116855420273, 'weight_decay': 4.2762179411682173e-07, 'momentum': 0.6996163318987723, 'batch_size': 64, 'max_epochs': 200, 'patience': 22, 'min_delta': 1e-05, 'loss': 'mse', 'scheduler': 'cosine', 'gradient_clip': 5.0}}",13.0,6813.094574517265,COMPLETE
83,29736.694540121105,2026-08-17 17:26:28.010179,2026-08-17 17:26:30.746748,0 days 00:00:02.736569,tanh,False,False,256,0.24947138392330687,ordinal,True,3,0.0016180186873467931,mse,5.0,0.6207662717769715,adamw,robust,plateau,log1p,2.6995761921975805e-07,256,256.0,64.0,,True,"{'name': 'T083', 'preprocess': {'numeric_only': False, 'scaler': 'robust', 'encoding': 'ordinal', 'feature_engineering': True, 'add_log_features': False, 'winsorize': True, 'min_frequency': 5, 'target_transform': 'log1p'}, 'model': {'hidden_layers': [256, 256, 64], 'activation': 'tanh', 'dropout': 0.24947138392330687, 'batch_norm': False, 'optimizer': 'adamw', 'learning_rate': 0.0016180186873467931, 'weight_decay': 2.6995761921975805e-07, 'momentum': 0.6207662717769715, 'batch_size': 256, 'max_epochs': 200, 'patience': 22, 'min_delta': 1e-05, 'loss': 'mse', 'scheduler': 'plateau', 'gradient_clip': 5.0}}",,,PRUNED
84,27014.148629194515,2026-08-17 17:26:30.760912,2026-08-17 17:26:32.930926,0 days 00:00:02.170014,tanh,False,False,64,0.24611318652420017,ordinal,True,2,0.007498144650561839,mse,5.0,0.5310308478402911,adamw,standard,plateau,log1p,1.9532253081951168e-07,128,128.0,,,False,"{'name': 'T084', 'preprocess': {'numeric_only': False, 'scaler': 'standard', 'encoding': 'ordinal', 'feature_engineering': True, 'add_log_features': False, 'winsorize': False, 'min_frequency': 5, 'target_transform': 'log1p'}, 'model': {'hidden_layers': [128, 128], 'activation': 'tanh', 'dropout': 0.24611318652420017, 'batch_norm': False, 'optimizer': 'adamw', 'learning_rate': 0.007498144650561839, 'weight_decay': 1.9532253081951168e-07, 'momentum': 0.5310308478402911, 'batch_size': 64, 'max_epochs': 200, 'patience': 22, 'min_delta': 1e-05, 'loss': 'mse', 'scheduler': 'plateau', 'gradient_clip': 5.0}}",11.0,6654.293949868559,COMPLETE
85,28343.186610364366,2026-08-17 17:26:32.942389,2026-08-17 17:26:35.992896,0 days 00:00:03.050507,tanh,False,False,64,0.44308156582617547,ordinal,True,2,0.012894502945401828,mse,5.0,0.585477580606499,adamw,standard,plateau,log1p,6.28229693283632e-07,128,128.0,,,False,"{'name': 'T085', 'preprocess': {'numeric_only': False, 'scaler': 'standard', 'encoding': 'ordinal', 'feature_engineering': True, 'add_log_features': False, 'winsorize': False, 'min_frequency': 5, 'target_transform': 'log1p'}, 'model': {'hidden_layers': [128, 128], 'activation': 'tanh', 'dropout': 0.44308156582617547, 'batch_norm': False, 'optimizer': 'adamw', 'learning_rate': 0.012894502945401828, 'weight_decay': 6.28229693283632e-07, 'momentum': 0.585477580606499, 'batch_size': 64, 'max_epochs': 200, 'patience': 22, 'min_delta': 1e-05, 'loss': 'mse', 'scheduler': 'plateau', 'gradient_clip': 5.0}}",34.0,5119.43300614547,COMPLETE
86,30521.832159399248,2026-08-17 17:26:36.003050,2026-08-17 17:26:40.096685,0 days 00:00:04.093635,tanh,True,False,64,0.1565971964368876,ordinal,True,2,0.012686980180996548,mse,5.0,0.7050506586593188,sgd,standard,plateau,log1p,2.848749337983816e-07,256,512.0,,,False,"{'name': 'T086', 'preprocess': {'numeric_only': False, 'scaler': 'standard', 'encoding': 'ordinal', 'feature_engineering': True, 'add_log_features': True, 'winsorize': False, 'min_frequency': 5, 'target_transform': 'log1p'}, 'model': {'hidden_layers': [256, 512], 'activation': 'tanh', 'dropout': 0.1565971964368876, 'batch_norm': False, 'optimizer': 'sgd', 'learning_rate': 0.012686980180996548, 'weight_decay': 2.848749337983816e-07, 'momentum': 0.7050506586593188, 'batch_size': 64, 'max_epochs': 200, 'patience': 22, 'min_delta': 1e-05, 'loss': 'mse', 'scheduler': 'plateau', 'gradient_clip': 5.0}}",30.0,8518.37019790216,COMPLETE
87,29937.19038318118,2026-08-17 17:26:40.105473,2026-08-17 17:26:43.085609,0 days 00:00:02.980136,leaky_relu,True,False,64,0.05477029314095036,onehot,True,4,0.0008486327703611563,mse,2.0,0.8180066477184946,rmsprop,standard,none,log1p,5.224799092480877e-06,256,128.0,32.0,64.0,True,"{'name': 'T087', 'preprocess': {'numeric_only': False, 'scaler': 'standard', 'encoding': 'onehot', 'feature_engineering': True, 'add_log_features': True, 'winsorize': True, 'min_frequency': 2, 'target_transform': 'log1p'}, 'model': {'hidden_layers': [256, 128, 32, 64], 'activation': 'leaky_relu', 'dropout': 0.05477029314095036, 'batch_norm': False, 'optimizer': 'rmsprop', 'learning_rate': 0.0008486327703611563, 'weight_decay': 5.224799092480877e-06, 'momentum': 0.8180066477184946, 'batch_size': 64, 'max_epochs': 200, 'patience': 22, 'min_delta': 1e-05, 'loss': 'mse', 'scheduler': 'none', 'gradient_clip': 5.0}}",15.0,14533.568894897244,COMPLETE
88,27610.30313673458,2026-08-17 17:26:43.098472,2026-08-17 17:26:47.852214,0 days 00:00:04.753742,tanh,True,False,128,0.060451229480869034,ordinal,True,4,0.0007052405747963674,mse,5.0,0.5334284856726659,adamw,standard,none,standard,1.550920189671138e-07,256,256.0,256.0,32.0,True,"{'name': 'T088', 'preprocess': {'numeric_only': False, 'scaler': 'standard', 'encoding': 'ordinal', 'feature_engineering': True, 'add_log_features': True, 'winsorize': True, 'min_frequency': 5, 'target_transform': 'standard'}, 'model': {'hidden_layers': [256, 256, 256, 32], 'activation': 'tanh', 'dropout': 0.060451229480869034, 'batch_norm': False, 'optimizer': 'adamw', 'learning_rate': 0.0007052405747963674, 'weight_decay': 1.550920189671138e-07, 'momentum': 0.5334284856726659, 'batch_size': 128, 'max_epochs': 200, 'patience': 22, 'min_delta': 1e-05, 'loss': 'mse', 'scheduler': 'none', 'gradient_clip': 5.0}}",48.0,6488.03745973883,COMPLETE
89,29953.50235852887,2026-08-17 17:26:47.867798,2026-08-17 17:26:58.154936,0 days 00:00:10.287138,gelu,True,False,32,0.028185947002173417,ordinal,True,4,0.001260819367001996,mse,5.0,0.5948083701642055,adamw,standard,none,standard,2.927541749279137e-07,256,256.0,256.0,32.0,True,"{'name': 'T089', 'preprocess': {'numeric_only': False, 'scaler': 'standard', 'encoding': 'ordinal', 'feature_engineering': True, 'add_log_features': True, 'winsorize': True, 'min_frequency': 5, 'target_transform': 'standard'}, 'model': {'hidden_layers': [256, 256, 256, 32], 'activation': 'gelu', 'dropout': 0.028185947002173417, 'batch_norm': False, 'optimizer': 'adamw', 'learning_rate': 0.001260819367001996, 'weight_decay': 2.927541749279137e-07, 'momentum': 0.5948083701642055, 'batch_size': 32, 'max_epochs': 200, 'patience': 22, 'min_delta': 1e-05, 'loss': 'mse', 'scheduler': 'none', 'gradient_clip': 5.0}}",44.0,9013.933236180012,COMPLETE
90,26338.808277497563,2026-08-17 17:26:58.165275,2026-08-17 17:27:00.630904,0 days 00:00:02.465629,tanh,True,False,128,0.04292786703434004,ordinal,True,4,8.562345935137193e-05,mse,,0.6474390060133992,rmsprop,standard,none,log1p,2.1648661448435737e-07,64,256.0,256.0,32.0,True,"{'name': 'T090', 'preprocess': {'numeric_only': False, 'scaler': 'standard', 'encoding': 'ordinal', 'feature_engineering': True, 'add_log_features': True, 'winsorize': True, 'min_frequency': None, 'target_transform': 'log1p'}, 'model': {'hidden_layers': [64, 256, 256, 32], 'activation': 'tanh', 'dropout': 0.04292786703434004, 'batch_norm': False, 'optimizer': 'rmsprop', 'learning_rate': 8.562345935137193e-05, 'weight_decay': 2.1648661448435737e-07, 'momentum': 0.6474390060133992, 'batch_size': 128, 'max_epochs': 200, 'patience': 22, 'min_delta': 1e-05, 'loss': 'mse', 'scheduler': 'none', 'gradient_clip': 5.0}}",,,PRUNED
